Determining if the pthread_create exist failed with the following output:
Change Dir: /home/birl/worksp/iiwa_stack_birl/build/iiwa_gazebo/CMakeFiles/CMakeTmp

Run Build Command:"/usr/bin/make" "cmTC_51f4d/fast"
/usr/bin/make -f CMakeFiles/cmTC_51f4d.dir/build.make CMakeFiles/cmTC_51f4d.dir/build
make[1]: Entering directory '/home/birl/worksp/iiwa_stack_birl/build/iiwa_gazebo/CMakeFiles/CMakeTmp'
Building C object CMakeFiles/cmTC_51f4d.dir/CheckSymbolExists.c.o
/usr/bin/gcc    -o CMakeFiles/cmTC_51f4d.dir/CheckSymbolExists.c.o   -c /home/birl/worksp/iiwa_stack_birl/build/iiwa_gazebo/CMakeFiles/CMakeTmp/CheckSymbolExists.c
Linking C executable cmTC_51f4d
/opt/cmake/cmake-3.12.0-Linux-x86_64/bin/cmake -E cmake_link_script CMakeFiles/cmTC_51f4d.dir/link.txt --verbose=1
/usr/bin/gcc      -rdynamic CMakeFiles/cmTC_51f4d.dir/CheckSymbolExists.c.o  -o cmTC_51f4d 
CMakeFiles/cmTC_51f4d.dir/CheckSymbolExists.c.o: In function `main':
CheckSymbolExists.c:(.text+0x16): undefined reference to `pthread_create'
collect2: error: ld returned 1 exit status
CMakeFiles/cmTC_51f4d.dir/build.make:86: recipe for target 'cmTC_51f4d' failed
make[1]: *** [cmTC_51f4d] Error 1
make[1]: Leaving directory '/home/birl/worksp/iiwa_stack_birl/build/iiwa_gazebo/CMakeFiles/CMakeTmp'
Makefile:121: recipe for target 'cmTC_51f4d/fast' failed
make: *** [cmTC_51f4d/fast] Error 2

File /home/birl/worksp/iiwa_stack_birl/build/iiwa_gazebo/CMakeFiles/CMakeTmp/CheckSymbolExists.c:
/* */
#include <pthread.h>

int main(int argc, char** argv)
{
  (void)argv;
#ifndef pthread_create
  return ((int*)(&pthread_create))[argc];
#else
  (void)argc;
  return 0;
#endif
}

Determining if the function pthread_create exists in the pthreads failed with the following output:
Change Dir: /home/birl/worksp/iiwa_stack_birl/build/iiwa_gazebo/CMakeFiles/CMakeTmp

Run Build Command:"/usr/bin/make" "cmTC_a4bfa/fast"
/usr/bin/make -f CMakeFiles/cmTC_a4bfa.dir/build.make CMakeFiles/cmTC_a4bfa.dir/build
make[1]: Entering directory '/home/birl/worksp/iiwa_stack_birl/build/iiwa_gazebo/CMakeFiles/CMakeTmp'
Building C object CMakeFiles/cmTC_a4bfa.dir/CheckFunctionExists.c.o
/usr/bin/gcc   -DCHECK_FUNCTION_EXISTS=pthread_create   -o CMakeFiles/cmTC_a4bfa.dir/CheckFunctionExists.c.o   -c /opt/cmake/cmake-3.12.0-Linux-x86_64/share/cmake-3.12/Modules/CheckFunctionExists.c
Linking C executable cmTC_a4bfa
/opt/cmake/cmake-3.12.0-Linux-x86_64/bin/cmake -E cmake_link_script CMakeFiles/cmTC_a4bfa.dir/link.txt --verbose=1
/usr/bin/gcc  -DCHECK_FUNCTION_EXISTS=pthread_create    -rdynamic CMakeFiles/cmTC_a4bfa.dir/CheckFunctionExists.c.o  -o cmTC_a4bfa -lpthreads 
/usr/bin/ld: cannot find -lpthreads
collect2: error: ld returned 1 exit status
CMakeFiles/cmTC_a4bfa.dir/build.make:86: recipe for target 'cmTC_a4bfa' failed
make[1]: *** [cmTC_a4bfa] Error 1
make[1]: Leaving directory '/home/birl/worksp/iiwa_stack_birl/build/iiwa_gazebo/CMakeFiles/CMakeTmp'
Makefile:121: recipe for target 'cmTC_a4bfa/fast' failed
make: *** [cmTC_a4bfa/fast] Error 2


