Determining if the pthread_create exist failed with the following output:
Change Dir: /home/birl/worksp/iiwa_stack_birl/build/iiwa_ros/CMakeFiles/CMakeTmp

Run Build Command:"/usr/bin/make" "cmTC_5c97d/fast"
/usr/bin/make -f CMakeFiles/cmTC_5c97d.dir/build.make CMakeFiles/cmTC_5c97d.dir/build
make[1]: Entering directory '/home/birl/worksp/iiwa_stack_birl/build/iiwa_ros/CMakeFiles/CMakeTmp'
Building C object CMakeFiles/cmTC_5c97d.dir/CheckSymbolExists.c.o
/usr/bin/gcc    -o CMakeFiles/cmTC_5c97d.dir/CheckSymbolExists.c.o   -c /home/birl/worksp/iiwa_stack_birl/build/iiwa_ros/CMakeFiles/CMakeTmp/CheckSymbolExists.c
Linking C executable cmTC_5c97d
/opt/cmake/cmake-3.12.0-Linux-x86_64/bin/cmake -E cmake_link_script CMakeFiles/cmTC_5c97d.dir/link.txt --verbose=1
/usr/bin/gcc      -rdynamic CMakeFiles/cmTC_5c97d.dir/CheckSymbolExists.c.o  -o cmTC_5c97d 
CMakeFiles/cmTC_5c97d.dir/CheckSymbolExists.c.o: In function `main':
CheckSymbolExists.c:(.text+0x16): undefined reference to `pthread_create'
collect2: error: ld returned 1 exit status
CMakeFiles/cmTC_5c97d.dir/build.make:86: recipe for target 'cmTC_5c97d' failed
make[1]: *** [cmTC_5c97d] Error 1
make[1]: Leaving directory '/home/birl/worksp/iiwa_stack_birl/build/iiwa_ros/CMakeFiles/CMakeTmp'
Makefile:121: recipe for target 'cmTC_5c97d/fast' failed
make: *** [cmTC_5c97d/fast] Error 2

File /home/birl/worksp/iiwa_stack_birl/build/iiwa_ros/CMakeFiles/CMakeTmp/CheckSymbolExists.c:
/* */
#include <pthread.h>

int main(int argc, char** argv)
{
  (void)argv;
#ifndef pthread_create
  return ((int*)(&pthread_create))[argc];
#else
  (void)argc;
  return 0;
#endif
}

Determining if the function pthread_create exists in the pthreads failed with the following output:
Change Dir: /home/birl/worksp/iiwa_stack_birl/build/iiwa_ros/CMakeFiles/CMakeTmp

Run Build Command:"/usr/bin/make" "cmTC_edec9/fast"
/usr/bin/make -f CMakeFiles/cmTC_edec9.dir/build.make CMakeFiles/cmTC_edec9.dir/build
make[1]: Entering directory '/home/birl/worksp/iiwa_stack_birl/build/iiwa_ros/CMakeFiles/CMakeTmp'
Building C object CMakeFiles/cmTC_edec9.dir/CheckFunctionExists.c.o
/usr/bin/gcc   -DCHECK_FUNCTION_EXISTS=pthread_create   -o CMakeFiles/cmTC_edec9.dir/CheckFunctionExists.c.o   -c /opt/cmake/cmake-3.12.0-Linux-x86_64/share/cmake-3.12/Modules/CheckFunctionExists.c
Linking C executable cmTC_edec9
/opt/cmake/cmake-3.12.0-Linux-x86_64/bin/cmake -E cmake_link_script CMakeFiles/cmTC_edec9.dir/link.txt --verbose=1
/usr/bin/gcc  -DCHECK_FUNCTION_EXISTS=pthread_create    -rdynamic CMakeFiles/cmTC_edec9.dir/CheckFunctionExists.c.o  -o cmTC_edec9 -lpthreads 
/usr/bin/ld: cannot find -lpthreads
collect2: error: ld returned 1 exit status
CMakeFiles/cmTC_edec9.dir/build.make:86: recipe for target 'cmTC_edec9' failed
make[1]: *** [cmTC_edec9] Error 1
make[1]: Leaving directory '/home/birl/worksp/iiwa_stack_birl/build/iiwa_ros/CMakeFiles/CMakeTmp'
Makefile:121: recipe for target 'cmTC_edec9/fast' failed
make: *** [cmTC_edec9/fast] Error 2


