Determining if the pthread_create exist failed with the following output:
Change Dir: /home/birl/worksp/iiwa_stack_birl/build/iiwa_msgs/CMakeFiles/CMakeTmp

Run Build Command:"/usr/bin/make" "cmTC_f3a67/fast"
/usr/bin/make -f CMakeFiles/cmTC_f3a67.dir/build.make CMakeFiles/cmTC_f3a67.dir/build
make[1]: Entering directory '/home/birl/worksp/iiwa_stack_birl/build/iiwa_msgs/CMakeFiles/CMakeTmp'
Building C object CMakeFiles/cmTC_f3a67.dir/CheckSymbolExists.c.o
/usr/bin/gcc    -o CMakeFiles/cmTC_f3a67.dir/CheckSymbolExists.c.o   -c /home/birl/worksp/iiwa_stack_birl/build/iiwa_msgs/CMakeFiles/CMakeTmp/CheckSymbolExists.c
Linking C executable cmTC_f3a67
/opt/cmake/cmake-3.12.0-Linux-x86_64/bin/cmake -E cmake_link_script CMakeFiles/cmTC_f3a67.dir/link.txt --verbose=1
/usr/bin/gcc      -rdynamic CMakeFiles/cmTC_f3a67.dir/CheckSymbolExists.c.o  -o cmTC_f3a67 
CMakeFiles/cmTC_f3a67.dir/CheckSymbolExists.c.o: In function `main':
CheckSymbolExists.c:(.text+0x16): undefined reference to `pthread_create'
collect2: error: ld returned 1 exit status
CMakeFiles/cmTC_f3a67.dir/build.make:86: recipe for target 'cmTC_f3a67' failed
make[1]: *** [cmTC_f3a67] Error 1
make[1]: Leaving directory '/home/birl/worksp/iiwa_stack_birl/build/iiwa_msgs/CMakeFiles/CMakeTmp'
Makefile:121: recipe for target 'cmTC_f3a67/fast' failed
make: *** [cmTC_f3a67/fast] Error 2

File /home/birl/worksp/iiwa_stack_birl/build/iiwa_msgs/CMakeFiles/CMakeTmp/CheckSymbolExists.c:
/* */
#include <pthread.h>

int main(int argc, char** argv)
{
  (void)argv;
#ifndef pthread_create
  return ((int*)(&pthread_create))[argc];
#else
  (void)argc;
  return 0;
#endif
}

Determining if the function pthread_create exists in the pthreads failed with the following output:
Change Dir: /home/birl/worksp/iiwa_stack_birl/build/iiwa_msgs/CMakeFiles/CMakeTmp

Run Build Command:"/usr/bin/make" "cmTC_137eb/fast"
/usr/bin/make -f CMakeFiles/cmTC_137eb.dir/build.make CMakeFiles/cmTC_137eb.dir/build
make[1]: Entering directory '/home/birl/worksp/iiwa_stack_birl/build/iiwa_msgs/CMakeFiles/CMakeTmp'
Building C object CMakeFiles/cmTC_137eb.dir/CheckFunctionExists.c.o
/usr/bin/gcc   -DCHECK_FUNCTION_EXISTS=pthread_create   -o CMakeFiles/cmTC_137eb.dir/CheckFunctionExists.c.o   -c /opt/cmake/cmake-3.12.0-Linux-x86_64/share/cmake-3.12/Modules/CheckFunctionExists.c
Linking C executable cmTC_137eb
/opt/cmake/cmake-3.12.0-Linux-x86_64/bin/cmake -E cmake_link_script CMakeFiles/cmTC_137eb.dir/link.txt --verbose=1
/usr/bin/gcc  -DCHECK_FUNCTION_EXISTS=pthread_create    -rdynamic CMakeFiles/cmTC_137eb.dir/CheckFunctionExists.c.o  -o cmTC_137eb -lpthreads 
/usr/bin/ld: cannot find -lpthreads
collect2: error: ld returned 1 exit status
CMakeFiles/cmTC_137eb.dir/build.make:86: recipe for target 'cmTC_137eb' failed
make[1]: *** [cmTC_137eb] Error 1
make[1]: Leaving directory '/home/birl/worksp/iiwa_stack_birl/build/iiwa_msgs/CMakeFiles/CMakeTmp'
Makefile:121: recipe for target 'cmTC_137eb/fast' failed
make: *** [cmTC_137eb/fast] Error 2


