Not searching for unused variables given on the command line.
[36m--[0m The C compiler identification is GNU 5.5.0
[36m--[0m The CXX compiler identification is GNU 5.5.0
[36m--[0m Check for working C compiler: /usr/bin/gcc
[36m--[0m Check for working C compiler: /usr/bin/gcc -- works
[36m--[0m Detecting C compiler ABI info
[36m--[0m Detecting C compiler ABI info - done
[36m--[0m Detecting C compile features
[36m--[0m Detecting C compile features - done
[36m--[0m Check for working CXX compiler: /usr/bin/g++
[36m--[0m Check for working CXX compiler: /usr/bin/g++ -- works
[36m--[0m Detecting CXX compiler ABI info
[36m--[0m Detecting CXX compiler ABI info - done
[36m--[0m Detecting CXX compile features
[36m--[0m Detecting CXX compile features - done
[36m--[0m Using CATKIN_DEVEL_PREFIX: /home/birl/worksp/iiwa_stack_birl/devel/.private/iiwa_control_pos
[36m--[0m Using CMAKE_PREFIX_PATH: /home/birl/worksp/ros/kinetic/hand_detect/devel;/home/birl/worksp/ros/kinetic/ros_ws/devel;/home/birl/worksp/iiwa_stack_birl/devel;/home/birl/worksp/ros_realsense2/devel;/home/birl/worksp/ros/kinetic/hand_eye/devel;/opt/ros/kinetic
[36m--[0m This workspace overlays: /home/birl/worksp/ros/kinetic/hand_detect/devel;/home/birl/worksp/ros/kinetic/ros_ws/devel;/home/birl/worksp/iiwa_stack_birl/devel;/home/birl/worksp/ros_realsense2/devel;/home/birl/worksp/ros/kinetic/hand_eye/devel;/opt/ros/kinetic
[36m--[0m Found PythonInterp: /usr/bin/python (found version "2.7.12")
[36m--[0m Using PYTHON_EXECUTABLE: /usr/bin/python
[36m--[0m Using Debian Python package layout
[36m--[0m Using empy: /usr/bin/empy
[36m--[0m Using CATKIN_ENABLE_TESTING: ON
[36m--[0m Call enable_testing()
[36m--[0m Using CATKIN_TEST_RESULTS_DIR: /home/birl/worksp/iiwa_stack_birl/build/iiwa_control_pos/test_results
[36m--[0m Found gmock sources under '/usr/src/gmock': gmock will be built
[36m--[0m Looking for pthread.h
[36m--[0m Looking for pthread.h - found
[36m--[0m Looking for pthread_create
[36m--[0m Looking for pthread_create - not found
[36m--[0m Looking for pthread_create in pthreads
[36m--[0m Looking for pthread_create in pthreads - not found
[36m--[0m Looking for pthread_create in pthread
[36m--[0m Looking for pthread_create in pthread - found
[36m--[0m Found Threads: TRUE
[36m--[0m Found gtest sources under '/usr/src/gmock': gtests will be built
[36m--[0m Using Python nosetests: /usr/bin/nosetests-2.7
[36m--[0m catkin 0.7.14
[36m--[0m Using these message generators: gencpp;geneus;genlisp;gennodejs;genpy
[36m--[0m Could NOT find iiwa_msgs (missing: iiwa_msgs_DIR)
[36m--[0m Could not find the required component 'iiwa_msgs'. The following CMake error indicates that you either need to install the package with the same name or change your environment so that it can be found.
[31m[1mCMake Error[0m at /opt/ros/kinetic/share/catkin/cmake/catkinConfig.cmake:83 (find_package):
  Could not find a package configuration file provided by "iiwa_msgs" with
  any of the following names:

    iiwa_msgsConfig.cmake
    iiwa_msgs-config.cmake

  Add the installation prefix of "iiwa_msgs" to CMAKE_PREFIX_PATH or set
  "iiwa_msgs_DIR" to a directory containing one of the above files.  If
  "iiwa_msgs" provides a separate development package or SDK, be sure it has
  been installed.
[36mCall Stack (most recent call first):[0m
  CMakeLists.txt:10 (find_package)


[36m--[0m Configuring incomplete, errors occurred!
See also "/home/birl/worksp/iiwa_stack_birl/build/iiwa_control_pos/CMakeFiles/CMakeOutput.log".
See also "/home/birl/worksp/iiwa_stack_birl/build/iiwa_control_pos/CMakeFiles/CMakeError.log".
