Determining if the pthread_create exist failed with the following output:
Change Dir: /home/birl/worksp/iiwa_stack_birl/build/CMakeFiles/CMakeTmp

Run Build Command:"/usr/bin/make" "cmTC_c7082/fast"
/usr/bin/make -f CMakeFiles/cmTC_c7082.dir/build.make CMakeFiles/cmTC_c7082.dir/build
make[1]: Entering directory '/home/birl/worksp/iiwa_stack_birl/build/CMakeFiles/CMakeTmp'
Building C object CMakeFiles/cmTC_c7082.dir/CheckSymbolExists.c.o
/usr/bin/gcc    -o CMakeFiles/cmTC_c7082.dir/CheckSymbolExists.c.o   -c /home/birl/worksp/iiwa_stack_birl/build/CMakeFiles/CMakeTmp/CheckSymbolExists.c
Linking C executable cmTC_c7082
/opt/cmake/cmake-3.12.0-Linux-x86_64/bin/cmake -E cmake_link_script CMakeFiles/cmTC_c7082.dir/link.txt --verbose=1
/usr/bin/gcc      -rdynamic CMakeFiles/cmTC_c7082.dir/CheckSymbolExists.c.o  -o cmTC_c7082 
CMakeFiles/cmTC_c7082.dir/CheckSymbolExists.c.o: In function `main':
CheckSymbolExists.c:(.text+0x16): undefined reference to `pthread_create'
collect2: error: ld returned 1 exit status
CMakeFiles/cmTC_c7082.dir/build.make:86: recipe for target 'cmTC_c7082' failed
make[1]: *** [cmTC_c7082] Error 1
make[1]: Leaving directory '/home/birl/worksp/iiwa_stack_birl/build/CMakeFiles/CMakeTmp'
Makefile:121: recipe for target 'cmTC_c7082/fast' failed
make: *** [cmTC_c7082/fast] Error 2

File /home/birl/worksp/iiwa_stack_birl/build/CMakeFiles/CMakeTmp/CheckSymbolExists.c:
/* */
#include <pthread.h>

int main(int argc, char** argv)
{
  (void)argv;
#ifndef pthread_create
  return ((int*)(&pthread_create))[argc];
#else
  (void)argc;
  return 0;
#endif
}

Determining if the function pthread_create exists in the pthreads failed with the following output:
Change Dir: /home/birl/worksp/iiwa_stack_birl/build/CMakeFiles/CMakeTmp

Run Build Command:"/usr/bin/make" "cmTC_b71ac/fast"
/usr/bin/make -f CMakeFiles/cmTC_b71ac.dir/build.make CMakeFiles/cmTC_b71ac.dir/build
make[1]: Entering directory '/home/birl/worksp/iiwa_stack_birl/build/CMakeFiles/CMakeTmp'
Building C object CMakeFiles/cmTC_b71ac.dir/CheckFunctionExists.c.o
/usr/bin/gcc   -DCHECK_FUNCTION_EXISTS=pthread_create   -o CMakeFiles/cmTC_b71ac.dir/CheckFunctionExists.c.o   -c /opt/cmake/cmake-3.12.0-Linux-x86_64/share/cmake-3.12/Modules/CheckFunctionExists.c
Linking C executable cmTC_b71ac
/opt/cmake/cmake-3.12.0-Linux-x86_64/bin/cmake -E cmake_link_script CMakeFiles/cmTC_b71ac.dir/link.txt --verbose=1
/usr/bin/gcc  -DCHECK_FUNCTION_EXISTS=pthread_create    -rdynamic CMakeFiles/cmTC_b71ac.dir/CheckFunctionExists.c.o  -o cmTC_b71ac -lpthreads 
/usr/bin/ld: cannot find -lpthreads
collect2: error: ld returned 1 exit status
CMakeFiles/cmTC_b71ac.dir/build.make:86: recipe for target 'cmTC_b71ac' failed
make[1]: *** [cmTC_b71ac] Error 1
make[1]: Leaving directory '/home/birl/worksp/iiwa_stack_birl/build/CMakeFiles/CMakeTmp'
Makefile:121: recipe for target 'cmTC_b71ac/fast' failed
make: *** [cmTC_b71ac/fast] Error 2


