[35m[1mScanning dependencies of target _iiwa_msgs_generate_messages_check_deps_CartesianPlane[0m
[35m[1mScanning dependencies of target _iiwa_msgs_generate_messages_check_deps_DOF[0m
[35m[1mScanning dependencies of target _iiwa_msgs_generate_messages_check_deps_CartesianVelocity[0m
[35m[1mScanning dependencies of target geometry_msgs_generate_messages_eus[0m
[35m[1mScanning dependencies of target _iiwa_msgs_generate_messages_check_deps_JointQuantity[0m
[35m[1mScanning dependencies of target _iiwa_msgs_generate_messages_check_deps_CartesianEulerPose[0m
[  0%] Built target geometry_msgs_generate_messages_eus
[35m[1mScanning dependencies of target _iiwa_msgs_generate_messages_check_deps_CartesianControlModeLimits[0m
[  0%] Built target _iiwa_msgs_generate_messages_check_deps_DOF
[  0%] Built target _iiwa_msgs_generate_messages_check_deps_CartesianVelocity
[35m[1mScanning dependencies of target _iiwa_msgs_generate_messages_check_deps_JointPositionVelocity[0m
[  0%] Built target _iiwa_msgs_generate_messages_check_deps_CartesianPlane
[35m[1mScanning dependencies of target _iiwa_msgs_generate_messages_check_deps_CartesianQuantity[0m
[  0%] Built target _iiwa_msgs_generate_messages_check_deps_JointQuantity
[35m[1mScanning dependencies of target _iiwa_msgs_generate_messages_check_deps_JointPosition[0m
[  0%] Built target _iiwa_msgs_generate_messages_check_deps_CartesianEulerPose
[35m[1mScanning dependencies of target _iiwa_msgs_generate_messages_check_deps_JointTorque[0m
[  0%] Built target _iiwa_msgs_generate_messages_check_deps_CartesianControlModeLimits
[35m[1mScanning dependencies of target _iiwa_msgs_generate_messages_check_deps_CartesianImpedanceControlMode[0m
[35m[1mScanning dependencies of target _iiwa_msgs_generate_messages_check_deps_SinePatternControlMode[0m
[  0%] Built target _iiwa_msgs_generate_messages_check_deps_JointPositionVelocity
[35m[1mScanning dependencies of target _iiwa_msgs_generate_messages_check_deps_DesiredForceControlMode[0m
[  0%] Built target _iiwa_msgs_generate_messages_check_deps_JointPosition
[  0%] Built target _iiwa_msgs_generate_messages_check_deps_CartesianQuantity
[  0%] Built target _iiwa_msgs_generate_messages_check_deps_JointTorque
[35m[1mScanning dependencies of target _iiwa_msgs_generate_messages_check_deps_JointImpedanceControlMode[0m
[35m[1mScanning dependencies of target _iiwa_msgs_generate_messages_check_deps_JointVelocity[0m
[35m[1mScanning dependencies of target _iiwa_msgs_generate_messages_check_deps_JointStiffness[0m
[  0%] Built target _iiwa_msgs_generate_messages_check_deps_CartesianImpedanceControlMode
[35m[1mScanning dependencies of target _iiwa_msgs_generate_messages_check_deps_ControlMode[0m
[  0%] Built target _iiwa_msgs_generate_messages_check_deps_SinePatternControlMode
[35m[1mScanning dependencies of target std_msgs_generate_messages_eus[0m
[  0%] Built target std_msgs_generate_messages_eus
[35m[1mScanning dependencies of target _iiwa_msgs_generate_messages_check_deps_SetPathParameters[0m
[  0%] Built target _iiwa_msgs_generate_messages_check_deps_DesiredForceControlMode
[35m[1mScanning dependencies of target _iiwa_msgs_generate_messages_check_deps_JointDamping[0m
[  0%] Built target _iiwa_msgs_generate_messages_check_deps_JointImpedanceControlMode
[35m[1mScanning dependencies of target _iiwa_msgs_generate_messages_check_deps_ConfigureSmartServo[0m
[  0%] Built target _iiwa_msgs_generate_messages_check_deps_JointStiffness
[  0%] Built target _iiwa_msgs_generate_messages_check_deps_JointVelocity
[35m[1mScanning dependencies of target _iiwa_msgs_generate_messages_check_deps_TimeToDestination[0m
[35m[1mScanning dependencies of target geometry_msgs_generate_messages_py[0m
[  0%] Built target _iiwa_msgs_generate_messages_check_deps_ControlMode
[  0%] Built target geometry_msgs_generate_messages_py
[35m[1mScanning dependencies of target std_msgs_generate_messages_py[0m
[35m[1mScanning dependencies of target std_msgs_generate_messages_cpp[0m
[  0%] Built target std_msgs_generate_messages_cpp
[  0%] Built target _iiwa_msgs_generate_messages_check_deps_SetPathParameters
[  0%] Built target std_msgs_generate_messages_py
[35m[1mScanning dependencies of target geometry_msgs_generate_messages_cpp[0m
[35m[1mScanning dependencies of target std_msgs_generate_messages_lisp[0m
[35m[1mScanning dependencies of target geometry_msgs_generate_messages_lisp[0m
[  0%] Built target geometry_msgs_generate_messages_cpp
[  0%] Built target std_msgs_generate_messages_lisp
[  0%] Built target _iiwa_msgs_generate_messages_check_deps_JointDamping
[  0%] Built target geometry_msgs_generate_messages_lisp
[35m[1mScanning dependencies of target std_msgs_generate_messages_nodejs[0m
[35m[1mScanning dependencies of target geometry_msgs_generate_messages_nodejs[0m
[  0%] Built target std_msgs_generate_messages_nodejs
[  0%] Built target _iiwa_msgs_generate_messages_check_deps_ConfigureSmartServo
[  0%] Built target geometry_msgs_generate_messages_nodejs
[  0%] Built target _iiwa_msgs_generate_messages_check_deps_TimeToDestination
[35m[1mScanning dependencies of target iiwa_msgs_generate_messages_eus[0m
[35m[1mScanning dependencies of target iiwa_msgs_generate_messages_py[0m
[35m[1mScanning dependencies of target iiwa_msgs_generate_messages_cpp[0m
[35m[1mScanning dependencies of target iiwa_msgs_generate_messages_lisp[0m
[35m[1mScanning dependencies of target iiwa_msgs_generate_messages_nodejs[0m
[  1%] [34m[1mGenerating Python from MSG iiwa_msgs/CartesianPlane[0m
[  2%] [34m[1mGenerating EusLisp code from iiwa_msgs/CartesianPlane.msg[0m
[  3%] [34m[1mGenerating EusLisp code from iiwa_msgs/JointDamping.msg[0m
[  4%] [34m[1mGenerating C++ code from iiwa_msgs/CartesianPlane.msg[0m
[  5%] [34m[1mGenerating Lisp code from iiwa_msgs/CartesianPlane.msg[0m
[  5%] [34m[1mGenerating Javascript code from iiwa_msgs/CartesianPlane.msg[0m
[  6%] [34m[1mGenerating Lisp code from iiwa_msgs/JointDamping.msg[0m
[  7%] [34m[1mGenerating Javascript code from iiwa_msgs/JointDamping.msg[0m
[  8%] [34m[1mGenerating Javascript code from iiwa_msgs/CartesianVelocity.msg[0m
[  9%] [34m[1mGenerating EusLisp code from iiwa_msgs/CartesianVelocity.msg[0m
[  9%] [34m[1mGenerating Lisp code from iiwa_msgs/CartesianVelocity.msg[0m
[ 12%] [34m[1mGenerating Javascript code from iiwa_msgs/JointStiffness.msg[0m
[ 12%] [34m[1mGenerating Python from MSG iiwa_msgs/JointDamping[0m
[ 12%] [34m[1mGenerating C++ code from iiwa_msgs/JointDamping.msg[0m
[ 13%] [34m[1mGenerating Lisp code from iiwa_msgs/JointStiffness.msg[0m
[ 14%] [34m[1mGenerating EusLisp code from iiwa_msgs/JointStiffness.msg[0m
[ 15%] [34m[1mGenerating C++ code from iiwa_msgs/CartesianVelocity.msg[0m
[ 16%] [34m[1mGenerating Javascript code from iiwa_msgs/DOF.msg[0m
[ 17%] [34m[1mGenerating Lisp code from iiwa_msgs/DOF.msg[0m
[ 18%] [34m[1mGenerating Javascript code from iiwa_msgs/CartesianEulerPose.msg[0m
[ 19%] [34m[1mGenerating EusLisp code from iiwa_msgs/DOF.msg[0m
[ 21%] [34m[1mGenerating Lisp code from iiwa_msgs/CartesianEulerPose.msg[0m
[ 21%] [34m[1mGenerating Python from MSG iiwa_msgs/CartesianVelocity[0m
[ 21%] [34m[1mGenerating Javascript code from iiwa_msgs/CartesianControlModeLimits.msg[0m
[ 24%] [34m[1mGenerating C++ code from iiwa_msgs/JointStiffness.msg[0m
[ 24%] [34m[1mGenerating Lisp code from iiwa_msgs/CartesianControlModeLimits.msg[0m
[ 24%] [34m[1mGenerating EusLisp code from iiwa_msgs/CartesianEulerPose.msg[0m
[ 25%] [34m[1mGenerating Javascript code from iiwa_msgs/JointPositionVelocity.msg[0m
[ 26%] [34m[1mGenerating C++ code from iiwa_msgs/DOF.msg[0m
[ 27%] [34m[1mGenerating Lisp code from iiwa_msgs/JointPositionVelocity.msg[0m
[ 28%] [34m[1mGenerating Javascript code from iiwa_msgs/ControlMode.msg[0m
[ 29%] [34m[1mGenerating Python from MSG iiwa_msgs/JointStiffness[0m
[ 30%] [34m[1mGenerating EusLisp code from iiwa_msgs/CartesianControlModeLimits.msg[0m
[ 30%] [34m[1mGenerating Lisp code from iiwa_msgs/ControlMode.msg[0m
[ 31%] [34m[1mGenerating Javascript code from iiwa_msgs/DesiredForceControlMode.msg[0m
[ 32%] [34m[1mGenerating EusLisp code from iiwa_msgs/JointPositionVelocity.msg[0m
[ 34%] [34m[1mGenerating Lisp code from iiwa_msgs/DesiredForceControlMode.msg[0m
[ 35%] [34m[1mGenerating C++ code from iiwa_msgs/CartesianEulerPose.msg[0m
[ 36%] [34m[1mGenerating Javascript code from iiwa_msgs/SinePatternControlMode.msg[0m
[ 36%] [34m[1mGenerating Python from MSG iiwa_msgs/DOF[0m
[ 37%] [34m[1mGenerating Lisp code from iiwa_msgs/SinePatternControlMode.msg[0m
[ 38%] [34m[1mGenerating C++ code from iiwa_msgs/CartesianControlModeLimits.msg[0m
[ 39%] [34m[1mGenerating Javascript code from iiwa_msgs/CartesianQuantity.msg[0m
[ 40%] [34m[1mGenerating EusLisp code from iiwa_msgs/ControlMode.msg[0m
[ 41%] [34m[1mGenerating Lisp code from iiwa_msgs/CartesianQuantity.msg[0m
[ 41%] [34m[1mGenerating Javascript code from iiwa_msgs/JointTorque.msg[0m
[ 42%] [34m[1mGenerating EusLisp code from iiwa_msgs/DesiredForceControlMode.msg[0m
[ 43%] [34m[1mGenerating Python from MSG iiwa_msgs/CartesianEulerPose[0m
[ 45%] [34m[1mGenerating Lisp code from iiwa_msgs/JointTorque.msg[0m
[ 45%] [34m[1mGenerating C++ code from iiwa_msgs/JointPositionVelocity.msg[0m
[ 46%] [34m[1mGenerating Javascript code from iiwa_msgs/JointQuantity.msg[0m
[ 47%] [34m[1mGenerating Javascript code from iiwa_msgs/JointImpedanceControlMode.msg[0m
[ 48%] [34m[1mGenerating EusLisp code from iiwa_msgs/SinePatternControlMode.msg[0m
[ 49%] [34m[1mGenerating Lisp code from iiwa_msgs/JointQuantity.msg[0m
[ 50%] [34m[1mGenerating C++ code from iiwa_msgs/ControlMode.msg[0m
[ 51%] [34m[1mGenerating Javascript code from iiwa_msgs/JointVelocity.msg[0m
[ 51%] [34m[1mGenerating Lisp code from iiwa_msgs/JointImpedanceControlMode.msg[0m
[ 52%] [34m[1mGenerating Python from MSG iiwa_msgs/CartesianControlModeLimits[0m
[ 52%] [34m[1mGenerating EusLisp code from iiwa_msgs/CartesianQuantity.msg[0m
[ 53%] [34m[1mGenerating Lisp code from iiwa_msgs/JointVelocity.msg[0m
[ 54%] [34m[1mGenerating Javascript code from iiwa_msgs/CartesianImpedanceControlMode.msg[0m
[ 56%] [34m[1mGenerating C++ code from iiwa_msgs/DesiredForceControlMode.msg[0m
[ 57%] [34m[1mGenerating EusLisp code from iiwa_msgs/JointTorque.msg[0m
[ 58%] [34m[1mGenerating Javascript code from iiwa_msgs/JointPosition.msg[0m
[ 59%] [34m[1mGenerating Lisp code from iiwa_msgs/CartesianImpedanceControlMode.msg[0m
[ 60%] [34m[1mGenerating C++ code from iiwa_msgs/SinePatternControlMode.msg[0m
[ 61%] [34m[1mGenerating Python from MSG iiwa_msgs/JointPositionVelocity[0m
[ 61%] [34m[1mGenerating Javascript code from iiwa_msgs/ConfigureSmartServo.srv[0m
[ 62%] [34m[1mGenerating Lisp code from iiwa_msgs/JointPosition.msg[0m
[ 63%] [34m[1mGenerating EusLisp code from iiwa_msgs/JointQuantity.msg[0m
[ 64%] [34m[1mGenerating EusLisp code from iiwa_msgs/JointImpedanceControlMode.msg[0m
[ 65%] [34m[1mGenerating Lisp code from iiwa_msgs/ConfigureSmartServo.srv[0m
[ 67%] [34m[1mGenerating Javascript code from iiwa_msgs/SetPathParameters.srv[0m
[ 68%] [34m[1mGenerating C++ code from iiwa_msgs/CartesianQuantity.msg[0m
[ 69%] [34m[1mGenerating C++ code from iiwa_msgs/JointTorque.msg[0m
[ 71%] [34m[1mGenerating Python from MSG iiwa_msgs/ControlMode[0m
[ 71%] [34m[1mGenerating EusLisp code from iiwa_msgs/JointVelocity.msg[0m
[ 73%] [34m[1mGenerating Javascript code from iiwa_msgs/TimeToDestination.srv[0m
[ 73%] [34m[1mGenerating Lisp code from iiwa_msgs/SetPathParameters.srv[0m
[ 74%] [34m[1mGenerating C++ code from iiwa_msgs/JointQuantity.msg[0m
[ 75%] [34m[1mGenerating EusLisp code from iiwa_msgs/CartesianImpedanceControlMode.msg[0m
[ 75%] Built target iiwa_msgs_generate_messages_nodejs
[ 76%] [34m[1mGenerating Lisp code from iiwa_msgs/TimeToDestination.srv[0m
[ 78%] [34m[1mGenerating Python from MSG iiwa_msgs/DesiredForceControlMode[0m
[ 78%] Built target iiwa_msgs_generate_messages_lisp
[ 79%] [34m[1mGenerating EusLisp code from iiwa_msgs/JointPosition.msg[0m
[ 79%] [34m[1mGenerating C++ code from iiwa_msgs/JointImpedanceControlMode.msg[0m
[ 79%] [34m[1mGenerating Python from MSG iiwa_msgs/SinePatternControlMode[0m
[ 80%] [34m[1mGenerating Python from MSG iiwa_msgs/CartesianQuantity[0m
[ 81%] [34m[1mGenerating C++ code from iiwa_msgs/JointVelocity.msg[0m
[ 82%] [34m[1mGenerating C++ code from iiwa_msgs/CartesianImpedanceControlMode.msg[0m
[ 82%] [34m[1mGenerating EusLisp code from iiwa_msgs/ConfigureSmartServo.srv[0m
[ 83%] [34m[1mGenerating Python from MSG iiwa_msgs/JointTorque[0m
[ 84%] [34m[1mGenerating EusLisp code from iiwa_msgs/SetPathParameters.srv[0m
[ 85%] [34m[1mGenerating C++ code from iiwa_msgs/JointPosition.msg[0m
[ 86%] [34m[1mGenerating C++ code from iiwa_msgs/ConfigureSmartServo.srv[0m
[ 87%] [34m[1mGenerating C++ code from iiwa_msgs/SetPathParameters.srv[0m
[ 87%] [34m[1mGenerating C++ code from iiwa_msgs/TimeToDestination.srv[0m
[ 89%] [34m[1mGenerating Python from MSG iiwa_msgs/JointQuantity[0m
[ 90%] [34m[1mGenerating EusLisp code from iiwa_msgs/TimeToDestination.srv[0m
[ 91%] [34m[1mGenerating EusLisp manifest code for iiwa_msgs[0m
[ 92%] [34m[1mGenerating Python from MSG iiwa_msgs/JointImpedanceControlMode[0m
[ 93%] [34m[1mGenerating Python from MSG iiwa_msgs/JointVelocity[0m
[ 93%] [34m[1mGenerating Python from MSG iiwa_msgs/CartesianImpedanceControlMode[0m
[ 94%] [34m[1mGenerating Python from MSG iiwa_msgs/JointPosition[0m
[ 95%] [34m[1mGenerating Python code from SRV iiwa_msgs/ConfigureSmartServo[0m
[ 96%] [34m[1mGenerating Python code from SRV iiwa_msgs/TimeToDestination[0m
[ 97%] [34m[1mGenerating Python code from SRV iiwa_msgs/SetPathParameters[0m
[ 97%] Built target iiwa_msgs_generate_messages_cpp
[ 98%] [34m[1mGenerating Python srv __init__.py for iiwa_msgs[0m
[100%] [34m[1mGenerating Python msg __init__.py for iiwa_msgs[0m
[100%] Built target iiwa_msgs_generate_messages_py
[100%] Built target iiwa_msgs_generate_messages_eus
[35m[1mScanning dependencies of target iiwa_msgs_generate_messages[0m
[100%] Built target iiwa_msgs_generate_messages
