Symlinking /home/birl/worksp/iiwa_stack_birl/devel/lib/python2.7/dist-packages/iiwa_msgs/__init__.py
Symlinking /home/birl/worksp/iiwa_stack_birl/devel/lib/python2.7/dist-packages/iiwa_msgs/srv/_TimeToDestination.py
Symlinking /home/birl/worksp/iiwa_stack_birl/devel/lib/python2.7/dist-packages/iiwa_msgs/srv/_SetPathParameters.py
Symlinking /home/birl/worksp/iiwa_stack_birl/devel/lib/python2.7/dist-packages/iiwa_msgs/srv/__init__.py
Symlinking /home/birl/worksp/iiwa_stack_birl/devel/lib/python2.7/dist-packages/iiwa_msgs/srv/_ConfigureSmartServo.py
Symlinking /home/birl/worksp/iiwa_stack_birl/devel/lib/python2.7/dist-packages/iiwa_msgs/msg/_DOF.py
Symlinking /home/birl/worksp/iiwa_stack_birl/devel/lib/python2.7/dist-packages/iiwa_msgs/msg/_JointPosition.py
Symlinking /home/birl/worksp/iiwa_stack_birl/devel/lib/python2.7/dist-packages/iiwa_msgs/msg/_JointStiffness.py
Symlinking /home/birl/worksp/iiwa_stack_birl/devel/lib/python2.7/dist-packages/iiwa_msgs/msg/_CartesianQuantity.py
Symlinking /home/birl/worksp/iiwa_stack_birl/devel/lib/python2.7/dist-packages/iiwa_msgs/msg/_JointDamping.py
Symlinking /home/birl/worksp/iiwa_stack_birl/devel/lib/python2.7/dist-packages/iiwa_msgs/msg/_CartesianVelocity.py
Symlinking /home/birl/worksp/iiwa_stack_birl/devel/lib/python2.7/dist-packages/iiwa_msgs/msg/_JointPositionVelocity.py
Symlinking /home/birl/worksp/iiwa_stack_birl/devel/lib/python2.7/dist-packages/iiwa_msgs/msg/_SinePatternControlMode.py
Symlinking /home/birl/worksp/iiwa_stack_birl/devel/lib/python2.7/dist-packages/iiwa_msgs/msg/_DesiredForceControlMode.py
Symlinking /home/birl/worksp/iiwa_stack_birl/devel/lib/python2.7/dist-packages/iiwa_msgs/msg/__init__.py
Symlinking /home/birl/worksp/iiwa_stack_birl/devel/lib/python2.7/dist-packages/iiwa_msgs/msg/_CartesianPlane.py
Symlinking /home/birl/worksp/iiwa_stack_birl/devel/lib/python2.7/dist-packages/iiwa_msgs/msg/_JointQuantity.py
Symlinking /home/birl/worksp/iiwa_stack_birl/devel/lib/python2.7/dist-packages/iiwa_msgs/msg/_JointVelocity.py
Symlinking /home/birl/worksp/iiwa_stack_birl/devel/lib/python2.7/dist-packages/iiwa_msgs/msg/_CartesianControlModeLimits.py
Symlinking /home/birl/worksp/iiwa_stack_birl/devel/lib/python2.7/dist-packages/iiwa_msgs/msg/_ControlMode.py
Symlinking /home/birl/worksp/iiwa_stack_birl/devel/lib/python2.7/dist-packages/iiwa_msgs/msg/_JointTorque.py
Symlinking /home/birl/worksp/iiwa_stack_birl/devel/lib/python2.7/dist-packages/iiwa_msgs/msg/_JointImpedanceControlMode.py
Symlinking /home/birl/worksp/iiwa_stack_birl/devel/lib/python2.7/dist-packages/iiwa_msgs/msg/_CartesianEulerPose.py
Symlinking /home/birl/worksp/iiwa_stack_birl/devel/lib/python2.7/dist-packages/iiwa_msgs/msg/_CartesianImpedanceControlMode.py
Symlinking /home/birl/worksp/iiwa_stack_birl/devel/lib/pkgconfig/iiwa_msgs.pc
Symlinking /home/birl/worksp/iiwa_stack_birl/devel/share/common-lisp/ros/iiwa_msgs/srv/TimeToDestination.lisp
Symlinking /home/birl/worksp/iiwa_stack_birl/devel/share/common-lisp/ros/iiwa_msgs/srv/ConfigureSmartServo.lisp
Symlinking /home/birl/worksp/iiwa_stack_birl/devel/share/common-lisp/ros/iiwa_msgs/srv/_package.lisp
Symlinking /home/birl/worksp/iiwa_stack_birl/devel/share/common-lisp/ros/iiwa_msgs/srv/SetPathParameters.lisp
Symlinking /home/birl/worksp/iiwa_stack_birl/devel/share/common-lisp/ros/iiwa_msgs/srv/_package_TimeToDestination.lisp
Symlinking /home/birl/worksp/iiwa_stack_birl/devel/share/common-lisp/ros/iiwa_msgs/srv/_package_SetPathParameters.lisp
Symlinking /home/birl/worksp/iiwa_stack_birl/devel/share/common-lisp/ros/iiwa_msgs/srv/_package_ConfigureSmartServo.lisp
Symlinking /home/birl/worksp/iiwa_stack_birl/devel/share/common-lisp/ros/iiwa_msgs/srv/iiwa_msgs-srv.asd
Symlinking /home/birl/worksp/iiwa_stack_birl/devel/share/common-lisp/ros/iiwa_msgs/msg/CartesianControlModeLimits.lisp
Symlinking /home/birl/worksp/iiwa_stack_birl/devel/share/common-lisp/ros/iiwa_msgs/msg/ControlMode.lisp
Symlinking /home/birl/worksp/iiwa_stack_birl/devel/share/common-lisp/ros/iiwa_msgs/msg/_package_JointVelocity.lisp
Symlinking /home/birl/worksp/iiwa_stack_birl/devel/share/common-lisp/ros/iiwa_msgs/msg/JointImpedanceControlMode.lisp
Symlinking /home/birl/worksp/iiwa_stack_birl/devel/share/common-lisp/ros/iiwa_msgs/msg/JointTorque.lisp
Symlinking /home/birl/worksp/iiwa_stack_birl/devel/share/common-lisp/ros/iiwa_msgs/msg/_package_DesiredForceControlMode.lisp
Symlinking /home/birl/worksp/iiwa_stack_birl/devel/share/common-lisp/ros/iiwa_msgs/msg/SinePatternControlMode.lisp
Symlinking /home/birl/worksp/iiwa_stack_birl/devel/share/common-lisp/ros/iiwa_msgs/msg/_package_ControlMode.lisp
Symlinking /home/birl/worksp/iiwa_stack_birl/devel/share/common-lisp/ros/iiwa_msgs/msg/DesiredForceControlMode.lisp
Symlinking /home/birl/worksp/iiwa_stack_birl/devel/share/common-lisp/ros/iiwa_msgs/msg/_package_JointImpedanceControlMode.lisp
Symlinking /home/birl/worksp/iiwa_stack_birl/devel/share/common-lisp/ros/iiwa_msgs/msg/_package_CartesianEulerPose.lisp
Symlinking /home/birl/worksp/iiwa_stack_birl/devel/share/common-lisp/ros/iiwa_msgs/msg/_package_JointDamping.lisp
Symlinking /home/birl/worksp/iiwa_stack_birl/devel/share/common-lisp/ros/iiwa_msgs/msg/_package_JointPosition.lisp
Symlinking /home/birl/worksp/iiwa_stack_birl/devel/share/common-lisp/ros/iiwa_msgs/msg/JointPositionVelocity.lisp
Symlinking /home/birl/worksp/iiwa_stack_birl/devel/share/common-lisp/ros/iiwa_msgs/msg/_package_DOF.lisp
Symlinking /home/birl/worksp/iiwa_stack_birl/devel/share/common-lisp/ros/iiwa_msgs/msg/_package_CartesianImpedanceControlMode.lisp
Symlinking /home/birl/worksp/iiwa_stack_birl/devel/share/common-lisp/ros/iiwa_msgs/msg/CartesianQuantity.lisp
Symlinking /home/birl/worksp/iiwa_stack_birl/devel/share/common-lisp/ros/iiwa_msgs/msg/CartesianEulerPose.lisp
Symlinking /home/birl/worksp/iiwa_stack_birl/devel/share/common-lisp/ros/iiwa_msgs/msg/CartesianVelocity.lisp
Symlinking /home/birl/worksp/iiwa_stack_birl/devel/share/common-lisp/ros/iiwa_msgs/msg/_package_CartesianQuantity.lisp
Symlinking /home/birl/worksp/iiwa_stack_birl/devel/share/common-lisp/ros/iiwa_msgs/msg/_package.lisp
Symlinking /home/birl/worksp/iiwa_stack_birl/devel/share/common-lisp/ros/iiwa_msgs/msg/JointPosition.lisp
Symlinking /home/birl/worksp/iiwa_stack_birl/devel/share/common-lisp/ros/iiwa_msgs/msg/JointDamping.lisp
Symlinking /home/birl/worksp/iiwa_stack_birl/devel/share/common-lisp/ros/iiwa_msgs/msg/JointStiffness.lisp
Symlinking /home/birl/worksp/iiwa_stack_birl/devel/share/common-lisp/ros/iiwa_msgs/msg/_package_CartesianControlModeLimits.lisp
Symlinking /home/birl/worksp/iiwa_stack_birl/devel/share/common-lisp/ros/iiwa_msgs/msg/_package_CartesianVelocity.lisp
Symlinking /home/birl/worksp/iiwa_stack_birl/devel/share/common-lisp/ros/iiwa_msgs/msg/JointVelocity.lisp
Symlinking /home/birl/worksp/iiwa_stack_birl/devel/share/common-lisp/ros/iiwa_msgs/msg/DOF.lisp
Symlinking /home/birl/worksp/iiwa_stack_birl/devel/share/common-lisp/ros/iiwa_msgs/msg/_package_CartesianPlane.lisp
Symlinking /home/birl/worksp/iiwa_stack_birl/devel/share/common-lisp/ros/iiwa_msgs/msg/CartesianPlane.lisp
Symlinking /home/birl/worksp/iiwa_stack_birl/devel/share/common-lisp/ros/iiwa_msgs/msg/_package_JointTorque.lisp
Symlinking /home/birl/worksp/iiwa_stack_birl/devel/share/common-lisp/ros/iiwa_msgs/msg/_package_SinePatternControlMode.lisp
Symlinking /home/birl/worksp/iiwa_stack_birl/devel/share/common-lisp/ros/iiwa_msgs/msg/CartesianImpedanceControlMode.lisp
Symlinking /home/birl/worksp/iiwa_stack_birl/devel/share/common-lisp/ros/iiwa_msgs/msg/JointQuantity.lisp
Symlinking /home/birl/worksp/iiwa_stack_birl/devel/share/common-lisp/ros/iiwa_msgs/msg/_package_JointPositionVelocity.lisp
Symlinking /home/birl/worksp/iiwa_stack_birl/devel/share/common-lisp/ros/iiwa_msgs/msg/iiwa_msgs-msg.asd
Symlinking /home/birl/worksp/iiwa_stack_birl/devel/share/common-lisp/ros/iiwa_msgs/msg/_package_JointStiffness.lisp
Symlinking /home/birl/worksp/iiwa_stack_birl/devel/share/common-lisp/ros/iiwa_msgs/msg/_package_JointQuantity.lisp
Symlinking /home/birl/worksp/iiwa_stack_birl/devel/share/gennodejs/ros/iiwa_msgs/_index.js
Symlinking /home/birl/worksp/iiwa_stack_birl/devel/share/gennodejs/ros/iiwa_msgs/srv/TimeToDestination.js
Symlinking /home/birl/worksp/iiwa_stack_birl/devel/share/gennodejs/ros/iiwa_msgs/srv/ConfigureSmartServo.js
Symlinking /home/birl/worksp/iiwa_stack_birl/devel/share/gennodejs/ros/iiwa_msgs/srv/SetPathParameters.js
Symlinking /home/birl/worksp/iiwa_stack_birl/devel/share/gennodejs/ros/iiwa_msgs/srv/_index.js
Symlinking /home/birl/worksp/iiwa_stack_birl/devel/share/gennodejs/ros/iiwa_msgs/msg/CartesianControlModeLimits.js
Symlinking /home/birl/worksp/iiwa_stack_birl/devel/share/gennodejs/ros/iiwa_msgs/msg/CartesianPlane.js
Symlinking /home/birl/worksp/iiwa_stack_birl/devel/share/gennodejs/ros/iiwa_msgs/msg/DesiredForceControlMode.js
Symlinking /home/birl/worksp/iiwa_stack_birl/devel/share/gennodejs/ros/iiwa_msgs/msg/JointPositionVelocity.js
Symlinking /home/birl/worksp/iiwa_stack_birl/devel/share/gennodejs/ros/iiwa_msgs/msg/JointTorque.js
Symlinking /home/birl/worksp/iiwa_stack_birl/devel/share/gennodejs/ros/iiwa_msgs/msg/CartesianEulerPose.js
Symlinking /home/birl/worksp/iiwa_stack_birl/devel/share/gennodejs/ros/iiwa_msgs/msg/DOF.js
Symlinking /home/birl/worksp/iiwa_stack_birl/devel/share/gennodejs/ros/iiwa_msgs/msg/JointVelocity.js
Symlinking /home/birl/worksp/iiwa_stack_birl/devel/share/gennodejs/ros/iiwa_msgs/msg/CartesianImpedanceControlMode.js
Symlinking /home/birl/worksp/iiwa_stack_birl/devel/share/gennodejs/ros/iiwa_msgs/msg/ControlMode.js
Symlinking /home/birl/worksp/iiwa_stack_birl/devel/share/gennodejs/ros/iiwa_msgs/msg/CartesianQuantity.js
Symlinking /home/birl/worksp/iiwa_stack_birl/devel/share/gennodejs/ros/iiwa_msgs/msg/JointPosition.js
Symlinking /home/birl/worksp/iiwa_stack_birl/devel/share/gennodejs/ros/iiwa_msgs/msg/JointImpedanceControlMode.js
Symlinking /home/birl/worksp/iiwa_stack_birl/devel/share/gennodejs/ros/iiwa_msgs/msg/CartesianVelocity.js
Symlinking /home/birl/worksp/iiwa_stack_birl/devel/share/gennodejs/ros/iiwa_msgs/msg/SinePatternControlMode.js
Symlinking /home/birl/worksp/iiwa_stack_birl/devel/share/gennodejs/ros/iiwa_msgs/msg/JointStiffness.js
Symlinking /home/birl/worksp/iiwa_stack_birl/devel/share/gennodejs/ros/iiwa_msgs/msg/JointQuantity.js
Symlinking /home/birl/worksp/iiwa_stack_birl/devel/share/gennodejs/ros/iiwa_msgs/msg/_index.js
Symlinking /home/birl/worksp/iiwa_stack_birl/devel/share/gennodejs/ros/iiwa_msgs/msg/JointDamping.js
Symlinking /home/birl/worksp/iiwa_stack_birl/devel/share/iiwa_msgs/cmake/iiwa_msgsConfig-version.cmake
Symlinking /home/birl/worksp/iiwa_stack_birl/devel/share/iiwa_msgs/cmake/iiwa_msgs-msg-extras.cmake
Symlinking /home/birl/worksp/iiwa_stack_birl/devel/share/iiwa_msgs/cmake/iiwa_msgsConfig.cmake
Symlinking /home/birl/worksp/iiwa_stack_birl/devel/share/iiwa_msgs/cmake/iiwa_msgs-msg-paths.cmake
Symlinking /home/birl/worksp/iiwa_stack_birl/devel/share/roseus/ros/iiwa_msgs/manifest.l
Symlinking /home/birl/worksp/iiwa_stack_birl/devel/share/roseus/ros/iiwa_msgs/srv/ConfigureSmartServo.l
Symlinking /home/birl/worksp/iiwa_stack_birl/devel/share/roseus/ros/iiwa_msgs/srv/TimeToDestination.l
Symlinking /home/birl/worksp/iiwa_stack_birl/devel/share/roseus/ros/iiwa_msgs/srv/SetPathParameters.l
Symlinking /home/birl/worksp/iiwa_stack_birl/devel/share/roseus/ros/iiwa_msgs/msg/JointQuantity.l
Symlinking /home/birl/worksp/iiwa_stack_birl/devel/share/roseus/ros/iiwa_msgs/msg/CartesianEulerPose.l
Symlinking /home/birl/worksp/iiwa_stack_birl/devel/share/roseus/ros/iiwa_msgs/msg/CartesianImpedanceControlMode.l
Symlinking /home/birl/worksp/iiwa_stack_birl/devel/share/roseus/ros/iiwa_msgs/msg/DesiredForceControlMode.l
Symlinking /home/birl/worksp/iiwa_stack_birl/devel/share/roseus/ros/iiwa_msgs/msg/JointStiffness.l
Symlinking /home/birl/worksp/iiwa_stack_birl/devel/share/roseus/ros/iiwa_msgs/msg/CartesianControlModeLimits.l
Symlinking /home/birl/worksp/iiwa_stack_birl/devel/share/roseus/ros/iiwa_msgs/msg/CartesianVelocity.l
Symlinking /home/birl/worksp/iiwa_stack_birl/devel/share/roseus/ros/iiwa_msgs/msg/ControlMode.l
Symlinking /home/birl/worksp/iiwa_stack_birl/devel/share/roseus/ros/iiwa_msgs/msg/DOF.l
Symlinking /home/birl/worksp/iiwa_stack_birl/devel/share/roseus/ros/iiwa_msgs/msg/JointVelocity.l
Symlinking /home/birl/worksp/iiwa_stack_birl/devel/share/roseus/ros/iiwa_msgs/msg/JointPositionVelocity.l
Symlinking /home/birl/worksp/iiwa_stack_birl/devel/share/roseus/ros/iiwa_msgs/msg/SinePatternControlMode.l
Symlinking /home/birl/worksp/iiwa_stack_birl/devel/share/roseus/ros/iiwa_msgs/msg/JointPosition.l
Symlinking /home/birl/worksp/iiwa_stack_birl/devel/share/roseus/ros/iiwa_msgs/msg/CartesianPlane.l
Symlinking /home/birl/worksp/iiwa_stack_birl/devel/share/roseus/ros/iiwa_msgs/msg/JointDamping.l
Symlinking /home/birl/worksp/iiwa_stack_birl/devel/share/roseus/ros/iiwa_msgs/msg/CartesianQuantity.l
Symlinking /home/birl/worksp/iiwa_stack_birl/devel/share/roseus/ros/iiwa_msgs/msg/JointImpedanceControlMode.l
Symlinking /home/birl/worksp/iiwa_stack_birl/devel/share/roseus/ros/iiwa_msgs/msg/JointTorque.l
Symlinking /home/birl/worksp/iiwa_stack_birl/devel/include/iiwa_msgs/TimeToDestinationResponse.h
Symlinking /home/birl/worksp/iiwa_stack_birl/devel/include/iiwa_msgs/CartesianImpedanceControlMode.h
Symlinking /home/birl/worksp/iiwa_stack_birl/devel/include/iiwa_msgs/SinePatternControlMode.h
Symlinking /home/birl/worksp/iiwa_stack_birl/devel/include/iiwa_msgs/CartesianControlModeLimits.h
Symlinking /home/birl/worksp/iiwa_stack_birl/devel/include/iiwa_msgs/CartesianEulerPose.h
Symlinking /home/birl/worksp/iiwa_stack_birl/devel/include/iiwa_msgs/CartesianPlane.h
Symlinking /home/birl/worksp/iiwa_stack_birl/devel/include/iiwa_msgs/SetPathParametersRequest.h
Symlinking /home/birl/worksp/iiwa_stack_birl/devel/include/iiwa_msgs/TimeToDestinationRequest.h
Symlinking /home/birl/worksp/iiwa_stack_birl/devel/include/iiwa_msgs/ControlMode.h
Symlinking /home/birl/worksp/iiwa_stack_birl/devel/include/iiwa_msgs/JointTorque.h
Symlinking /home/birl/worksp/iiwa_stack_birl/devel/include/iiwa_msgs/ConfigureSmartServoRequest.h
Symlinking /home/birl/worksp/iiwa_stack_birl/devel/include/iiwa_msgs/CartesianQuantity.h
Symlinking /home/birl/worksp/iiwa_stack_birl/devel/include/iiwa_msgs/JointQuantity.h
Symlinking /home/birl/worksp/iiwa_stack_birl/devel/include/iiwa_msgs/JointImpedanceControlMode.h
Symlinking /home/birl/worksp/iiwa_stack_birl/devel/include/iiwa_msgs/JointDamping.h
Symlinking /home/birl/worksp/iiwa_stack_birl/devel/include/iiwa_msgs/SetPathParameters.h
Symlinking /home/birl/worksp/iiwa_stack_birl/devel/include/iiwa_msgs/SetPathParametersResponse.h
Symlinking /home/birl/worksp/iiwa_stack_birl/devel/include/iiwa_msgs/ConfigureSmartServoResponse.h
Symlinking /home/birl/worksp/iiwa_stack_birl/devel/include/iiwa_msgs/JointPositionVelocity.h
Symlinking /home/birl/worksp/iiwa_stack_birl/devel/include/iiwa_msgs/JointPosition.h
Symlinking /home/birl/worksp/iiwa_stack_birl/devel/include/iiwa_msgs/DesiredForceControlMode.h
Symlinking /home/birl/worksp/iiwa_stack_birl/devel/include/iiwa_msgs/TimeToDestination.h
Symlinking /home/birl/worksp/iiwa_stack_birl/devel/include/iiwa_msgs/JointVelocity.h
Symlinking /home/birl/worksp/iiwa_stack_birl/devel/include/iiwa_msgs/CartesianVelocity.h
Symlinking /home/birl/worksp/iiwa_stack_birl/devel/include/iiwa_msgs/JointStiffness.h
Symlinking /home/birl/worksp/iiwa_stack_birl/devel/include/iiwa_msgs/ConfigureSmartServo.h
Symlinking /home/birl/worksp/iiwa_stack_birl/devel/include/iiwa_msgs/DOF.h
