[  0%] Built target _iiwa_msgs_generate_messages_check_deps_CartesianEulerPose
[  0%] Built target _iiwa_msgs_generate_messages_check_deps_ConfigureSmartServo
[  0%] Built target _iiwa_msgs_generate_messages_check_deps_JointPositionVelocity
[  0%] Built target geometry_msgs_generate_messages_lisp
[  0%] Built target _iiwa_msgs_generate_messages_check_deps_JointPosition
[  0%] Built target _iiwa_msgs_generate_messages_check_deps_TimeToDestination
[  0%] Built target std_msgs_generate_messages_lisp
[  0%] Built target _iiwa_msgs_generate_messages_check_deps_SetPathParameters
[  0%] Built target _iiwa_msgs_generate_messages_check_deps_JointQuantity
[  0%] Built target _iiwa_msgs_generate_messages_check_deps_JointTorque
[  0%] Built target _iiwa_msgs_generate_messages_check_deps_CartesianQuantity
[  0%] Built target _iiwa_msgs_generate_messages_check_deps_DOF
[  0%] Built target _iiwa_msgs_generate_messages_check_deps_JointStiffness
[  0%] Built target _iiwa_msgs_generate_messages_check_deps_DesiredForceControlMode
[  0%] Built target _iiwa_msgs_generate_messages_check_deps_JointVelocity
[  0%] Built target _iiwa_msgs_generate_messages_check_deps_JointImpedanceControlMode
[  0%] Built target _iiwa_msgs_generate_messages_check_deps_JointDamping
[  0%] Built target _iiwa_msgs_generate_messages_check_deps_CartesianControlModeLimits
[  0%] Built target _iiwa_msgs_generate_messages_check_deps_CartesianPlane
[  0%] Built target _iiwa_msgs_generate_messages_check_deps_CartesianImpedanceControlMode
[  0%] Built target _iiwa_msgs_generate_messages_check_deps_CartesianVelocity
[  0%] Built target geometry_msgs_generate_messages_nodejs
[  0%] Built target _iiwa_msgs_generate_messages_check_deps_ControlMode
[  0%] Built target _iiwa_msgs_generate_messages_check_deps_SinePatternControlMode
[  0%] Built target std_msgs_generate_messages_nodejs
[  0%] Built target geometry_msgs_generate_messages_eus
[  0%] Built target std_msgs_generate_messages_eus
[  0%] Built target geometry_msgs_generate_messages_py
[  0%] Built target std_msgs_generate_messages_py
[  0%] Built target std_msgs_generate_messages_cpp
[  0%] Built target geometry_msgs_generate_messages_cpp
[ 19%] Built target iiwa_msgs_generate_messages_lisp
[ 38%] Built target iiwa_msgs_generate_messages_nodejs
[ 59%] Built target iiwa_msgs_generate_messages_eus
[ 81%] Built target iiwa_msgs_generate_messages_py
[100%] Built target iiwa_msgs_generate_messages_cpp
[100%] Built target iiwa_msgs_generate_messages
