Linked: (/home/birl/worksp/iiwa_stack_birl/devel/.private/iiwa_msgs/lib/python2.7/dist-packages/iiwa_msgs/__init__.py, /home/birl/worksp/iiwa_stack_birl/devel/lib/python2.7/dist-packages/iiwa_msgs/__init__.py)
Linked: (/home/birl/worksp/iiwa_stack_birl/devel/.private/iiwa_msgs/lib/python2.7/dist-packages/iiwa_msgs/srv/_TimeToDestination.py, /home/birl/worksp/iiwa_stack_birl/devel/lib/python2.7/dist-packages/iiwa_msgs/srv/_TimeToDestination.py)
Linked: (/home/birl/worksp/iiwa_stack_birl/devel/.private/iiwa_msgs/lib/python2.7/dist-packages/iiwa_msgs/srv/_SetPathParameters.py, /home/birl/worksp/iiwa_stack_birl/devel/lib/python2.7/dist-packages/iiwa_msgs/srv/_SetPathParameters.py)
Linked: (/home/birl/worksp/iiwa_stack_birl/devel/.private/iiwa_msgs/lib/python2.7/dist-packages/iiwa_msgs/srv/__init__.py, /home/birl/worksp/iiwa_stack_birl/devel/lib/python2.7/dist-packages/iiwa_msgs/srv/__init__.py)
Linked: (/home/birl/worksp/iiwa_stack_birl/devel/.private/iiwa_msgs/lib/python2.7/dist-packages/iiwa_msgs/srv/_ConfigureSmartServo.py, /home/birl/worksp/iiwa_stack_birl/devel/lib/python2.7/dist-packages/iiwa_msgs/srv/_ConfigureSmartServo.py)
Linked: (/home/birl/worksp/iiwa_stack_birl/devel/.private/iiwa_msgs/lib/python2.7/dist-packages/iiwa_msgs/msg/_DOF.py, /home/birl/worksp/iiwa_stack_birl/devel/lib/python2.7/dist-packages/iiwa_msgs/msg/_DOF.py)
Linked: (/home/birl/worksp/iiwa_stack_birl/devel/.private/iiwa_msgs/lib/python2.7/dist-packages/iiwa_msgs/msg/_JointPosition.py, /home/birl/worksp/iiwa_stack_birl/devel/lib/python2.7/dist-packages/iiwa_msgs/msg/_JointPosition.py)
Linked: (/home/birl/worksp/iiwa_stack_birl/devel/.private/iiwa_msgs/lib/python2.7/dist-packages/iiwa_msgs/msg/_JointStiffness.py, /home/birl/worksp/iiwa_stack_birl/devel/lib/python2.7/dist-packages/iiwa_msgs/msg/_JointStiffness.py)
Linked: (/home/birl/worksp/iiwa_stack_birl/devel/.private/iiwa_msgs/lib/python2.7/dist-packages/iiwa_msgs/msg/_CartesianQuantity.py, /home/birl/worksp/iiwa_stack_birl/devel/lib/python2.7/dist-packages/iiwa_msgs/msg/_CartesianQuantity.py)
Linked: (/home/birl/worksp/iiwa_stack_birl/devel/.private/iiwa_msgs/lib/python2.7/dist-packages/iiwa_msgs/msg/_JointDamping.py, /home/birl/worksp/iiwa_stack_birl/devel/lib/python2.7/dist-packages/iiwa_msgs/msg/_JointDamping.py)
Linked: (/home/birl/worksp/iiwa_stack_birl/devel/.private/iiwa_msgs/lib/python2.7/dist-packages/iiwa_msgs/msg/_CartesianVelocity.py, /home/birl/worksp/iiwa_stack_birl/devel/lib/python2.7/dist-packages/iiwa_msgs/msg/_CartesianVelocity.py)
Linked: (/home/birl/worksp/iiwa_stack_birl/devel/.private/iiwa_msgs/lib/python2.7/dist-packages/iiwa_msgs/msg/_JointPositionVelocity.py, /home/birl/worksp/iiwa_stack_birl/devel/lib/python2.7/dist-packages/iiwa_msgs/msg/_JointPositionVelocity.py)
Linked: (/home/birl/worksp/iiwa_stack_birl/devel/.private/iiwa_msgs/lib/python2.7/dist-packages/iiwa_msgs/msg/_SinePatternControlMode.py, /home/birl/worksp/iiwa_stack_birl/devel/lib/python2.7/dist-packages/iiwa_msgs/msg/_SinePatternControlMode.py)
Linked: (/home/birl/worksp/iiwa_stack_birl/devel/.private/iiwa_msgs/lib/python2.7/dist-packages/iiwa_msgs/msg/_DesiredForceControlMode.py, /home/birl/worksp/iiwa_stack_birl/devel/lib/python2.7/dist-packages/iiwa_msgs/msg/_DesiredForceControlMode.py)
Linked: (/home/birl/worksp/iiwa_stack_birl/devel/.private/iiwa_msgs/lib/python2.7/dist-packages/iiwa_msgs/msg/__init__.py, /home/birl/worksp/iiwa_stack_birl/devel/lib/python2.7/dist-packages/iiwa_msgs/msg/__init__.py)
Linked: (/home/birl/worksp/iiwa_stack_birl/devel/.private/iiwa_msgs/lib/python2.7/dist-packages/iiwa_msgs/msg/_CartesianPlane.py, /home/birl/worksp/iiwa_stack_birl/devel/lib/python2.7/dist-packages/iiwa_msgs/msg/_CartesianPlane.py)
Linked: (/home/birl/worksp/iiwa_stack_birl/devel/.private/iiwa_msgs/lib/python2.7/dist-packages/iiwa_msgs/msg/_JointQuantity.py, /home/birl/worksp/iiwa_stack_birl/devel/lib/python2.7/dist-packages/iiwa_msgs/msg/_JointQuantity.py)
Linked: (/home/birl/worksp/iiwa_stack_birl/devel/.private/iiwa_msgs/lib/python2.7/dist-packages/iiwa_msgs/msg/_JointVelocity.py, /home/birl/worksp/iiwa_stack_birl/devel/lib/python2.7/dist-packages/iiwa_msgs/msg/_JointVelocity.py)
Linked: (/home/birl/worksp/iiwa_stack_birl/devel/.private/iiwa_msgs/lib/python2.7/dist-packages/iiwa_msgs/msg/_CartesianControlModeLimits.py, /home/birl/worksp/iiwa_stack_birl/devel/lib/python2.7/dist-packages/iiwa_msgs/msg/_CartesianControlModeLimits.py)
Linked: (/home/birl/worksp/iiwa_stack_birl/devel/.private/iiwa_msgs/lib/python2.7/dist-packages/iiwa_msgs/msg/_ControlMode.py, /home/birl/worksp/iiwa_stack_birl/devel/lib/python2.7/dist-packages/iiwa_msgs/msg/_ControlMode.py)
Linked: (/home/birl/worksp/iiwa_stack_birl/devel/.private/iiwa_msgs/lib/python2.7/dist-packages/iiwa_msgs/msg/_JointTorque.py, /home/birl/worksp/iiwa_stack_birl/devel/lib/python2.7/dist-packages/iiwa_msgs/msg/_JointTorque.py)
Linked: (/home/birl/worksp/iiwa_stack_birl/devel/.private/iiwa_msgs/lib/python2.7/dist-packages/iiwa_msgs/msg/_JointImpedanceControlMode.py, /home/birl/worksp/iiwa_stack_birl/devel/lib/python2.7/dist-packages/iiwa_msgs/msg/_JointImpedanceControlMode.py)
Linked: (/home/birl/worksp/iiwa_stack_birl/devel/.private/iiwa_msgs/lib/python2.7/dist-packages/iiwa_msgs/msg/_CartesianEulerPose.py, /home/birl/worksp/iiwa_stack_birl/devel/lib/python2.7/dist-packages/iiwa_msgs/msg/_CartesianEulerPose.py)
Linked: (/home/birl/worksp/iiwa_stack_birl/devel/.private/iiwa_msgs/lib/python2.7/dist-packages/iiwa_msgs/msg/_CartesianImpedanceControlMode.py, /home/birl/worksp/iiwa_stack_birl/devel/lib/python2.7/dist-packages/iiwa_msgs/msg/_CartesianImpedanceControlMode.py)
Linked: (/home/birl/worksp/iiwa_stack_birl/devel/.private/iiwa_msgs/lib/pkgconfig/iiwa_msgs.pc, /home/birl/worksp/iiwa_stack_birl/devel/lib/pkgconfig/iiwa_msgs.pc)
Linked: (/home/birl/worksp/iiwa_stack_birl/devel/.private/iiwa_msgs/share/common-lisp/ros/iiwa_msgs/srv/TimeToDestination.lisp, /home/birl/worksp/iiwa_stack_birl/devel/share/common-lisp/ros/iiwa_msgs/srv/TimeToDestination.lisp)
Linked: (/home/birl/worksp/iiwa_stack_birl/devel/.private/iiwa_msgs/share/common-lisp/ros/iiwa_msgs/srv/ConfigureSmartServo.lisp, /home/birl/worksp/iiwa_stack_birl/devel/share/common-lisp/ros/iiwa_msgs/srv/ConfigureSmartServo.lisp)
Linked: (/home/birl/worksp/iiwa_stack_birl/devel/.private/iiwa_msgs/share/common-lisp/ros/iiwa_msgs/srv/_package.lisp, /home/birl/worksp/iiwa_stack_birl/devel/share/common-lisp/ros/iiwa_msgs/srv/_package.lisp)
Linked: (/home/birl/worksp/iiwa_stack_birl/devel/.private/iiwa_msgs/share/common-lisp/ros/iiwa_msgs/srv/SetPathParameters.lisp, /home/birl/worksp/iiwa_stack_birl/devel/share/common-lisp/ros/iiwa_msgs/srv/SetPathParameters.lisp)
Linked: (/home/birl/worksp/iiwa_stack_birl/devel/.private/iiwa_msgs/share/common-lisp/ros/iiwa_msgs/srv/_package_TimeToDestination.lisp, /home/birl/worksp/iiwa_stack_birl/devel/share/common-lisp/ros/iiwa_msgs/srv/_package_TimeToDestination.lisp)
Linked: (/home/birl/worksp/iiwa_stack_birl/devel/.private/iiwa_msgs/share/common-lisp/ros/iiwa_msgs/srv/_package_SetPathParameters.lisp, /home/birl/worksp/iiwa_stack_birl/devel/share/common-lisp/ros/iiwa_msgs/srv/_package_SetPathParameters.lisp)
Linked: (/home/birl/worksp/iiwa_stack_birl/devel/.private/iiwa_msgs/share/common-lisp/ros/iiwa_msgs/srv/_package_ConfigureSmartServo.lisp, /home/birl/worksp/iiwa_stack_birl/devel/share/common-lisp/ros/iiwa_msgs/srv/_package_ConfigureSmartServo.lisp)
Linked: (/home/birl/worksp/iiwa_stack_birl/devel/.private/iiwa_msgs/share/common-lisp/ros/iiwa_msgs/srv/iiwa_msgs-srv.asd, /home/birl/worksp/iiwa_stack_birl/devel/share/common-lisp/ros/iiwa_msgs/srv/iiwa_msgs-srv.asd)
Linked: (/home/birl/worksp/iiwa_stack_birl/devel/.private/iiwa_msgs/share/common-lisp/ros/iiwa_msgs/msg/CartesianControlModeLimits.lisp, /home/birl/worksp/iiwa_stack_birl/devel/share/common-lisp/ros/iiwa_msgs/msg/CartesianControlModeLimits.lisp)
Linked: (/home/birl/worksp/iiwa_stack_birl/devel/.private/iiwa_msgs/share/common-lisp/ros/iiwa_msgs/msg/ControlMode.lisp, /home/birl/worksp/iiwa_stack_birl/devel/share/common-lisp/ros/iiwa_msgs/msg/ControlMode.lisp)
Linked: (/home/birl/worksp/iiwa_stack_birl/devel/.private/iiwa_msgs/share/common-lisp/ros/iiwa_msgs/msg/_package_JointVelocity.lisp, /home/birl/worksp/iiwa_stack_birl/devel/share/common-lisp/ros/iiwa_msgs/msg/_package_JointVelocity.lisp)
Linked: (/home/birl/worksp/iiwa_stack_birl/devel/.private/iiwa_msgs/share/common-lisp/ros/iiwa_msgs/msg/JointImpedanceControlMode.lisp, /home/birl/worksp/iiwa_stack_birl/devel/share/common-lisp/ros/iiwa_msgs/msg/JointImpedanceControlMode.lisp)
Linked: (/home/birl/worksp/iiwa_stack_birl/devel/.private/iiwa_msgs/share/common-lisp/ros/iiwa_msgs/msg/JointTorque.lisp, /home/birl/worksp/iiwa_stack_birl/devel/share/common-lisp/ros/iiwa_msgs/msg/JointTorque.lisp)
Linked: (/home/birl/worksp/iiwa_stack_birl/devel/.private/iiwa_msgs/share/common-lisp/ros/iiwa_msgs/msg/_package_DesiredForceControlMode.lisp, /home/birl/worksp/iiwa_stack_birl/devel/share/common-lisp/ros/iiwa_msgs/msg/_package_DesiredForceControlMode.lisp)
Linked: (/home/birl/worksp/iiwa_stack_birl/devel/.private/iiwa_msgs/share/common-lisp/ros/iiwa_msgs/msg/SinePatternControlMode.lisp, /home/birl/worksp/iiwa_stack_birl/devel/share/common-lisp/ros/iiwa_msgs/msg/SinePatternControlMode.lisp)
Linked: (/home/birl/worksp/iiwa_stack_birl/devel/.private/iiwa_msgs/share/common-lisp/ros/iiwa_msgs/msg/_package_ControlMode.lisp, /home/birl/worksp/iiwa_stack_birl/devel/share/common-lisp/ros/iiwa_msgs/msg/_package_ControlMode.lisp)
Linked: (/home/birl/worksp/iiwa_stack_birl/devel/.private/iiwa_msgs/share/common-lisp/ros/iiwa_msgs/msg/DesiredForceControlMode.lisp, /home/birl/worksp/iiwa_stack_birl/devel/share/common-lisp/ros/iiwa_msgs/msg/DesiredForceControlMode.lisp)
Linked: (/home/birl/worksp/iiwa_stack_birl/devel/.private/iiwa_msgs/share/common-lisp/ros/iiwa_msgs/msg/_package_JointImpedanceControlMode.lisp, /home/birl/worksp/iiwa_stack_birl/devel/share/common-lisp/ros/iiwa_msgs/msg/_package_JointImpedanceControlMode.lisp)
Linked: (/home/birl/worksp/iiwa_stack_birl/devel/.private/iiwa_msgs/share/common-lisp/ros/iiwa_msgs/msg/_package_CartesianEulerPose.lisp, /home/birl/worksp/iiwa_stack_birl/devel/share/common-lisp/ros/iiwa_msgs/msg/_package_CartesianEulerPose.lisp)
Linked: (/home/birl/worksp/iiwa_stack_birl/devel/.private/iiwa_msgs/share/common-lisp/ros/iiwa_msgs/msg/_package_JointDamping.lisp, /home/birl/worksp/iiwa_stack_birl/devel/share/common-lisp/ros/iiwa_msgs/msg/_package_JointDamping.lisp)
Linked: (/home/birl/worksp/iiwa_stack_birl/devel/.private/iiwa_msgs/share/common-lisp/ros/iiwa_msgs/msg/_package_JointPosition.lisp, /home/birl/worksp/iiwa_stack_birl/devel/share/common-lisp/ros/iiwa_msgs/msg/_package_JointPosition.lisp)
Linked: (/home/birl/worksp/iiwa_stack_birl/devel/.private/iiwa_msgs/share/common-lisp/ros/iiwa_msgs/msg/JointPositionVelocity.lisp, /home/birl/worksp/iiwa_stack_birl/devel/share/common-lisp/ros/iiwa_msgs/msg/JointPositionVelocity.lisp)
Linked: (/home/birl/worksp/iiwa_stack_birl/devel/.private/iiwa_msgs/share/common-lisp/ros/iiwa_msgs/msg/_package_DOF.lisp, /home/birl/worksp/iiwa_stack_birl/devel/share/common-lisp/ros/iiwa_msgs/msg/_package_DOF.lisp)
Linked: (/home/birl/worksp/iiwa_stack_birl/devel/.private/iiwa_msgs/share/common-lisp/ros/iiwa_msgs/msg/_package_CartesianImpedanceControlMode.lisp, /home/birl/worksp/iiwa_stack_birl/devel/share/common-lisp/ros/iiwa_msgs/msg/_package_CartesianImpedanceControlMode.lisp)
Linked: (/home/birl/worksp/iiwa_stack_birl/devel/.private/iiwa_msgs/share/common-lisp/ros/iiwa_msgs/msg/CartesianQuantity.lisp, /home/birl/worksp/iiwa_stack_birl/devel/share/common-lisp/ros/iiwa_msgs/msg/CartesianQuantity.lisp)
Linked: (/home/birl/worksp/iiwa_stack_birl/devel/.private/iiwa_msgs/share/common-lisp/ros/iiwa_msgs/msg/CartesianEulerPose.lisp, /home/birl/worksp/iiwa_stack_birl/devel/share/common-lisp/ros/iiwa_msgs/msg/CartesianEulerPose.lisp)
Linked: (/home/birl/worksp/iiwa_stack_birl/devel/.private/iiwa_msgs/share/common-lisp/ros/iiwa_msgs/msg/CartesianVelocity.lisp, /home/birl/worksp/iiwa_stack_birl/devel/share/common-lisp/ros/iiwa_msgs/msg/CartesianVelocity.lisp)
Linked: (/home/birl/worksp/iiwa_stack_birl/devel/.private/iiwa_msgs/share/common-lisp/ros/iiwa_msgs/msg/_package_CartesianQuantity.lisp, /home/birl/worksp/iiwa_stack_birl/devel/share/common-lisp/ros/iiwa_msgs/msg/_package_CartesianQuantity.lisp)
Linked: (/home/birl/worksp/iiwa_stack_birl/devel/.private/iiwa_msgs/share/common-lisp/ros/iiwa_msgs/msg/_package.lisp, /home/birl/worksp/iiwa_stack_birl/devel/share/common-lisp/ros/iiwa_msgs/msg/_package.lisp)
Linked: (/home/birl/worksp/iiwa_stack_birl/devel/.private/iiwa_msgs/share/common-lisp/ros/iiwa_msgs/msg/JointPosition.lisp, /home/birl/worksp/iiwa_stack_birl/devel/share/common-lisp/ros/iiwa_msgs/msg/JointPosition.lisp)
Linked: (/home/birl/worksp/iiwa_stack_birl/devel/.private/iiwa_msgs/share/common-lisp/ros/iiwa_msgs/msg/JointDamping.lisp, /home/birl/worksp/iiwa_stack_birl/devel/share/common-lisp/ros/iiwa_msgs/msg/JointDamping.lisp)
Linked: (/home/birl/worksp/iiwa_stack_birl/devel/.private/iiwa_msgs/share/common-lisp/ros/iiwa_msgs/msg/JointStiffness.lisp, /home/birl/worksp/iiwa_stack_birl/devel/share/common-lisp/ros/iiwa_msgs/msg/JointStiffness.lisp)
Linked: (/home/birl/worksp/iiwa_stack_birl/devel/.private/iiwa_msgs/share/common-lisp/ros/iiwa_msgs/msg/_package_CartesianControlModeLimits.lisp, /home/birl/worksp/iiwa_stack_birl/devel/share/common-lisp/ros/iiwa_msgs/msg/_package_CartesianControlModeLimits.lisp)
Linked: (/home/birl/worksp/iiwa_stack_birl/devel/.private/iiwa_msgs/share/common-lisp/ros/iiwa_msgs/msg/_package_CartesianVelocity.lisp, /home/birl/worksp/iiwa_stack_birl/devel/share/common-lisp/ros/iiwa_msgs/msg/_package_CartesianVelocity.lisp)
Linked: (/home/birl/worksp/iiwa_stack_birl/devel/.private/iiwa_msgs/share/common-lisp/ros/iiwa_msgs/msg/JointVelocity.lisp, /home/birl/worksp/iiwa_stack_birl/devel/share/common-lisp/ros/iiwa_msgs/msg/JointVelocity.lisp)
Linked: (/home/birl/worksp/iiwa_stack_birl/devel/.private/iiwa_msgs/share/common-lisp/ros/iiwa_msgs/msg/DOF.lisp, /home/birl/worksp/iiwa_stack_birl/devel/share/common-lisp/ros/iiwa_msgs/msg/DOF.lisp)
Linked: (/home/birl/worksp/iiwa_stack_birl/devel/.private/iiwa_msgs/share/common-lisp/ros/iiwa_msgs/msg/_package_CartesianPlane.lisp, /home/birl/worksp/iiwa_stack_birl/devel/share/common-lisp/ros/iiwa_msgs/msg/_package_CartesianPlane.lisp)
Linked: (/home/birl/worksp/iiwa_stack_birl/devel/.private/iiwa_msgs/share/common-lisp/ros/iiwa_msgs/msg/CartesianPlane.lisp, /home/birl/worksp/iiwa_stack_birl/devel/share/common-lisp/ros/iiwa_msgs/msg/CartesianPlane.lisp)
Linked: (/home/birl/worksp/iiwa_stack_birl/devel/.private/iiwa_msgs/share/common-lisp/ros/iiwa_msgs/msg/_package_JointTorque.lisp, /home/birl/worksp/iiwa_stack_birl/devel/share/common-lisp/ros/iiwa_msgs/msg/_package_JointTorque.lisp)
Linked: (/home/birl/worksp/iiwa_stack_birl/devel/.private/iiwa_msgs/share/common-lisp/ros/iiwa_msgs/msg/_package_SinePatternControlMode.lisp, /home/birl/worksp/iiwa_stack_birl/devel/share/common-lisp/ros/iiwa_msgs/msg/_package_SinePatternControlMode.lisp)
Linked: (/home/birl/worksp/iiwa_stack_birl/devel/.private/iiwa_msgs/share/common-lisp/ros/iiwa_msgs/msg/CartesianImpedanceControlMode.lisp, /home/birl/worksp/iiwa_stack_birl/devel/share/common-lisp/ros/iiwa_msgs/msg/CartesianImpedanceControlMode.lisp)
Linked: (/home/birl/worksp/iiwa_stack_birl/devel/.private/iiwa_msgs/share/common-lisp/ros/iiwa_msgs/msg/JointQuantity.lisp, /home/birl/worksp/iiwa_stack_birl/devel/share/common-lisp/ros/iiwa_msgs/msg/JointQuantity.lisp)
Linked: (/home/birl/worksp/iiwa_stack_birl/devel/.private/iiwa_msgs/share/common-lisp/ros/iiwa_msgs/msg/_package_JointPositionVelocity.lisp, /home/birl/worksp/iiwa_stack_birl/devel/share/common-lisp/ros/iiwa_msgs/msg/_package_JointPositionVelocity.lisp)
Linked: (/home/birl/worksp/iiwa_stack_birl/devel/.private/iiwa_msgs/share/common-lisp/ros/iiwa_msgs/msg/iiwa_msgs-msg.asd, /home/birl/worksp/iiwa_stack_birl/devel/share/common-lisp/ros/iiwa_msgs/msg/iiwa_msgs-msg.asd)
Linked: (/home/birl/worksp/iiwa_stack_birl/devel/.private/iiwa_msgs/share/common-lisp/ros/iiwa_msgs/msg/_package_JointStiffness.lisp, /home/birl/worksp/iiwa_stack_birl/devel/share/common-lisp/ros/iiwa_msgs/msg/_package_JointStiffness.lisp)
Linked: (/home/birl/worksp/iiwa_stack_birl/devel/.private/iiwa_msgs/share/common-lisp/ros/iiwa_msgs/msg/_package_JointQuantity.lisp, /home/birl/worksp/iiwa_stack_birl/devel/share/common-lisp/ros/iiwa_msgs/msg/_package_JointQuantity.lisp)
Linked: (/home/birl/worksp/iiwa_stack_birl/devel/.private/iiwa_msgs/share/gennodejs/ros/iiwa_msgs/_index.js, /home/birl/worksp/iiwa_stack_birl/devel/share/gennodejs/ros/iiwa_msgs/_index.js)
Linked: (/home/birl/worksp/iiwa_stack_birl/devel/.private/iiwa_msgs/share/gennodejs/ros/iiwa_msgs/srv/TimeToDestination.js, /home/birl/worksp/iiwa_stack_birl/devel/share/gennodejs/ros/iiwa_msgs/srv/TimeToDestination.js)
Linked: (/home/birl/worksp/iiwa_stack_birl/devel/.private/iiwa_msgs/share/gennodejs/ros/iiwa_msgs/srv/ConfigureSmartServo.js, /home/birl/worksp/iiwa_stack_birl/devel/share/gennodejs/ros/iiwa_msgs/srv/ConfigureSmartServo.js)
Linked: (/home/birl/worksp/iiwa_stack_birl/devel/.private/iiwa_msgs/share/gennodejs/ros/iiwa_msgs/srv/SetPathParameters.js, /home/birl/worksp/iiwa_stack_birl/devel/share/gennodejs/ros/iiwa_msgs/srv/SetPathParameters.js)
Linked: (/home/birl/worksp/iiwa_stack_birl/devel/.private/iiwa_msgs/share/gennodejs/ros/iiwa_msgs/srv/_index.js, /home/birl/worksp/iiwa_stack_birl/devel/share/gennodejs/ros/iiwa_msgs/srv/_index.js)
Linked: (/home/birl/worksp/iiwa_stack_birl/devel/.private/iiwa_msgs/share/gennodejs/ros/iiwa_msgs/msg/CartesianControlModeLimits.js, /home/birl/worksp/iiwa_stack_birl/devel/share/gennodejs/ros/iiwa_msgs/msg/CartesianControlModeLimits.js)
Linked: (/home/birl/worksp/iiwa_stack_birl/devel/.private/iiwa_msgs/share/gennodejs/ros/iiwa_msgs/msg/CartesianPlane.js, /home/birl/worksp/iiwa_stack_birl/devel/share/gennodejs/ros/iiwa_msgs/msg/CartesianPlane.js)
Linked: (/home/birl/worksp/iiwa_stack_birl/devel/.private/iiwa_msgs/share/gennodejs/ros/iiwa_msgs/msg/DesiredForceControlMode.js, /home/birl/worksp/iiwa_stack_birl/devel/share/gennodejs/ros/iiwa_msgs/msg/DesiredForceControlMode.js)
Linked: (/home/birl/worksp/iiwa_stack_birl/devel/.private/iiwa_msgs/share/gennodejs/ros/iiwa_msgs/msg/JointPositionVelocity.js, /home/birl/worksp/iiwa_stack_birl/devel/share/gennodejs/ros/iiwa_msgs/msg/JointPositionVelocity.js)
Linked: (/home/birl/worksp/iiwa_stack_birl/devel/.private/iiwa_msgs/share/gennodejs/ros/iiwa_msgs/msg/JointTorque.js, /home/birl/worksp/iiwa_stack_birl/devel/share/gennodejs/ros/iiwa_msgs/msg/JointTorque.js)
Linked: (/home/birl/worksp/iiwa_stack_birl/devel/.private/iiwa_msgs/share/gennodejs/ros/iiwa_msgs/msg/CartesianEulerPose.js, /home/birl/worksp/iiwa_stack_birl/devel/share/gennodejs/ros/iiwa_msgs/msg/CartesianEulerPose.js)
Linked: (/home/birl/worksp/iiwa_stack_birl/devel/.private/iiwa_msgs/share/gennodejs/ros/iiwa_msgs/msg/DOF.js, /home/birl/worksp/iiwa_stack_birl/devel/share/gennodejs/ros/iiwa_msgs/msg/DOF.js)
Linked: (/home/birl/worksp/iiwa_stack_birl/devel/.private/iiwa_msgs/share/gennodejs/ros/iiwa_msgs/msg/JointVelocity.js, /home/birl/worksp/iiwa_stack_birl/devel/share/gennodejs/ros/iiwa_msgs/msg/JointVelocity.js)
Linked: (/home/birl/worksp/iiwa_stack_birl/devel/.private/iiwa_msgs/share/gennodejs/ros/iiwa_msgs/msg/CartesianImpedanceControlMode.js, /home/birl/worksp/iiwa_stack_birl/devel/share/gennodejs/ros/iiwa_msgs/msg/CartesianImpedanceControlMode.js)
Linked: (/home/birl/worksp/iiwa_stack_birl/devel/.private/iiwa_msgs/share/gennodejs/ros/iiwa_msgs/msg/ControlMode.js, /home/birl/worksp/iiwa_stack_birl/devel/share/gennodejs/ros/iiwa_msgs/msg/ControlMode.js)
Linked: (/home/birl/worksp/iiwa_stack_birl/devel/.private/iiwa_msgs/share/gennodejs/ros/iiwa_msgs/msg/CartesianQuantity.js, /home/birl/worksp/iiwa_stack_birl/devel/share/gennodejs/ros/iiwa_msgs/msg/CartesianQuantity.js)
Linked: (/home/birl/worksp/iiwa_stack_birl/devel/.private/iiwa_msgs/share/gennodejs/ros/iiwa_msgs/msg/JointPosition.js, /home/birl/worksp/iiwa_stack_birl/devel/share/gennodejs/ros/iiwa_msgs/msg/JointPosition.js)
Linked: (/home/birl/worksp/iiwa_stack_birl/devel/.private/iiwa_msgs/share/gennodejs/ros/iiwa_msgs/msg/JointImpedanceControlMode.js, /home/birl/worksp/iiwa_stack_birl/devel/share/gennodejs/ros/iiwa_msgs/msg/JointImpedanceControlMode.js)
Linked: (/home/birl/worksp/iiwa_stack_birl/devel/.private/iiwa_msgs/share/gennodejs/ros/iiwa_msgs/msg/CartesianVelocity.js, /home/birl/worksp/iiwa_stack_birl/devel/share/gennodejs/ros/iiwa_msgs/msg/CartesianVelocity.js)
Linked: (/home/birl/worksp/iiwa_stack_birl/devel/.private/iiwa_msgs/share/gennodejs/ros/iiwa_msgs/msg/SinePatternControlMode.js, /home/birl/worksp/iiwa_stack_birl/devel/share/gennodejs/ros/iiwa_msgs/msg/SinePatternControlMode.js)
Linked: (/home/birl/worksp/iiwa_stack_birl/devel/.private/iiwa_msgs/share/gennodejs/ros/iiwa_msgs/msg/JointStiffness.js, /home/birl/worksp/iiwa_stack_birl/devel/share/gennodejs/ros/iiwa_msgs/msg/JointStiffness.js)
Linked: (/home/birl/worksp/iiwa_stack_birl/devel/.private/iiwa_msgs/share/gennodejs/ros/iiwa_msgs/msg/JointQuantity.js, /home/birl/worksp/iiwa_stack_birl/devel/share/gennodejs/ros/iiwa_msgs/msg/JointQuantity.js)
Linked: (/home/birl/worksp/iiwa_stack_birl/devel/.private/iiwa_msgs/share/gennodejs/ros/iiwa_msgs/msg/_index.js, /home/birl/worksp/iiwa_stack_birl/devel/share/gennodejs/ros/iiwa_msgs/msg/_index.js)
Linked: (/home/birl/worksp/iiwa_stack_birl/devel/.private/iiwa_msgs/share/gennodejs/ros/iiwa_msgs/msg/JointDamping.js, /home/birl/worksp/iiwa_stack_birl/devel/share/gennodejs/ros/iiwa_msgs/msg/JointDamping.js)
Linked: (/home/birl/worksp/iiwa_stack_birl/devel/.private/iiwa_msgs/share/iiwa_msgs/cmake/iiwa_msgsConfig-version.cmake, /home/birl/worksp/iiwa_stack_birl/devel/share/iiwa_msgs/cmake/iiwa_msgsConfig-version.cmake)
Linked: (/home/birl/worksp/iiwa_stack_birl/devel/.private/iiwa_msgs/share/iiwa_msgs/cmake/iiwa_msgs-msg-extras.cmake, /home/birl/worksp/iiwa_stack_birl/devel/share/iiwa_msgs/cmake/iiwa_msgs-msg-extras.cmake)
Linked: (/home/birl/worksp/iiwa_stack_birl/devel/.private/iiwa_msgs/share/iiwa_msgs/cmake/iiwa_msgsConfig.cmake, /home/birl/worksp/iiwa_stack_birl/devel/share/iiwa_msgs/cmake/iiwa_msgsConfig.cmake)
Linked: (/home/birl/worksp/iiwa_stack_birl/devel/.private/iiwa_msgs/share/iiwa_msgs/cmake/iiwa_msgs-msg-paths.cmake, /home/birl/worksp/iiwa_stack_birl/devel/share/iiwa_msgs/cmake/iiwa_msgs-msg-paths.cmake)
Linked: (/home/birl/worksp/iiwa_stack_birl/devel/.private/iiwa_msgs/share/roseus/ros/iiwa_msgs/manifest.l, /home/birl/worksp/iiwa_stack_birl/devel/share/roseus/ros/iiwa_msgs/manifest.l)
Linked: (/home/birl/worksp/iiwa_stack_birl/devel/.private/iiwa_msgs/share/roseus/ros/iiwa_msgs/srv/ConfigureSmartServo.l, /home/birl/worksp/iiwa_stack_birl/devel/share/roseus/ros/iiwa_msgs/srv/ConfigureSmartServo.l)
Linked: (/home/birl/worksp/iiwa_stack_birl/devel/.private/iiwa_msgs/share/roseus/ros/iiwa_msgs/srv/TimeToDestination.l, /home/birl/worksp/iiwa_stack_birl/devel/share/roseus/ros/iiwa_msgs/srv/TimeToDestination.l)
Linked: (/home/birl/worksp/iiwa_stack_birl/devel/.private/iiwa_msgs/share/roseus/ros/iiwa_msgs/srv/SetPathParameters.l, /home/birl/worksp/iiwa_stack_birl/devel/share/roseus/ros/iiwa_msgs/srv/SetPathParameters.l)
Linked: (/home/birl/worksp/iiwa_stack_birl/devel/.private/iiwa_msgs/share/roseus/ros/iiwa_msgs/msg/JointQuantity.l, /home/birl/worksp/iiwa_stack_birl/devel/share/roseus/ros/iiwa_msgs/msg/JointQuantity.l)
Linked: (/home/birl/worksp/iiwa_stack_birl/devel/.private/iiwa_msgs/share/roseus/ros/iiwa_msgs/msg/CartesianEulerPose.l, /home/birl/worksp/iiwa_stack_birl/devel/share/roseus/ros/iiwa_msgs/msg/CartesianEulerPose.l)
Linked: (/home/birl/worksp/iiwa_stack_birl/devel/.private/iiwa_msgs/share/roseus/ros/iiwa_msgs/msg/CartesianImpedanceControlMode.l, /home/birl/worksp/iiwa_stack_birl/devel/share/roseus/ros/iiwa_msgs/msg/CartesianImpedanceControlMode.l)
Linked: (/home/birl/worksp/iiwa_stack_birl/devel/.private/iiwa_msgs/share/roseus/ros/iiwa_msgs/msg/DesiredForceControlMode.l, /home/birl/worksp/iiwa_stack_birl/devel/share/roseus/ros/iiwa_msgs/msg/DesiredForceControlMode.l)
Linked: (/home/birl/worksp/iiwa_stack_birl/devel/.private/iiwa_msgs/share/roseus/ros/iiwa_msgs/msg/JointStiffness.l, /home/birl/worksp/iiwa_stack_birl/devel/share/roseus/ros/iiwa_msgs/msg/JointStiffness.l)
Linked: (/home/birl/worksp/iiwa_stack_birl/devel/.private/iiwa_msgs/share/roseus/ros/iiwa_msgs/msg/CartesianControlModeLimits.l, /home/birl/worksp/iiwa_stack_birl/devel/share/roseus/ros/iiwa_msgs/msg/CartesianControlModeLimits.l)
Linked: (/home/birl/worksp/iiwa_stack_birl/devel/.private/iiwa_msgs/share/roseus/ros/iiwa_msgs/msg/CartesianVelocity.l, /home/birl/worksp/iiwa_stack_birl/devel/share/roseus/ros/iiwa_msgs/msg/CartesianVelocity.l)
Linked: (/home/birl/worksp/iiwa_stack_birl/devel/.private/iiwa_msgs/share/roseus/ros/iiwa_msgs/msg/ControlMode.l, /home/birl/worksp/iiwa_stack_birl/devel/share/roseus/ros/iiwa_msgs/msg/ControlMode.l)
Linked: (/home/birl/worksp/iiwa_stack_birl/devel/.private/iiwa_msgs/share/roseus/ros/iiwa_msgs/msg/DOF.l, /home/birl/worksp/iiwa_stack_birl/devel/share/roseus/ros/iiwa_msgs/msg/DOF.l)
Linked: (/home/birl/worksp/iiwa_stack_birl/devel/.private/iiwa_msgs/share/roseus/ros/iiwa_msgs/msg/JointVelocity.l, /home/birl/worksp/iiwa_stack_birl/devel/share/roseus/ros/iiwa_msgs/msg/JointVelocity.l)
Linked: (/home/birl/worksp/iiwa_stack_birl/devel/.private/iiwa_msgs/share/roseus/ros/iiwa_msgs/msg/JointPositionVelocity.l, /home/birl/worksp/iiwa_stack_birl/devel/share/roseus/ros/iiwa_msgs/msg/JointPositionVelocity.l)
Linked: (/home/birl/worksp/iiwa_stack_birl/devel/.private/iiwa_msgs/share/roseus/ros/iiwa_msgs/msg/SinePatternControlMode.l, /home/birl/worksp/iiwa_stack_birl/devel/share/roseus/ros/iiwa_msgs/msg/SinePatternControlMode.l)
Linked: (/home/birl/worksp/iiwa_stack_birl/devel/.private/iiwa_msgs/share/roseus/ros/iiwa_msgs/msg/JointPosition.l, /home/birl/worksp/iiwa_stack_birl/devel/share/roseus/ros/iiwa_msgs/msg/JointPosition.l)
Linked: (/home/birl/worksp/iiwa_stack_birl/devel/.private/iiwa_msgs/share/roseus/ros/iiwa_msgs/msg/CartesianPlane.l, /home/birl/worksp/iiwa_stack_birl/devel/share/roseus/ros/iiwa_msgs/msg/CartesianPlane.l)
Linked: (/home/birl/worksp/iiwa_stack_birl/devel/.private/iiwa_msgs/share/roseus/ros/iiwa_msgs/msg/JointDamping.l, /home/birl/worksp/iiwa_stack_birl/devel/share/roseus/ros/iiwa_msgs/msg/JointDamping.l)
Linked: (/home/birl/worksp/iiwa_stack_birl/devel/.private/iiwa_msgs/share/roseus/ros/iiwa_msgs/msg/CartesianQuantity.l, /home/birl/worksp/iiwa_stack_birl/devel/share/roseus/ros/iiwa_msgs/msg/CartesianQuantity.l)
Linked: (/home/birl/worksp/iiwa_stack_birl/devel/.private/iiwa_msgs/share/roseus/ros/iiwa_msgs/msg/JointImpedanceControlMode.l, /home/birl/worksp/iiwa_stack_birl/devel/share/roseus/ros/iiwa_msgs/msg/JointImpedanceControlMode.l)
Linked: (/home/birl/worksp/iiwa_stack_birl/devel/.private/iiwa_msgs/share/roseus/ros/iiwa_msgs/msg/JointTorque.l, /home/birl/worksp/iiwa_stack_birl/devel/share/roseus/ros/iiwa_msgs/msg/JointTorque.l)
Linked: (/home/birl/worksp/iiwa_stack_birl/devel/.private/iiwa_msgs/include/iiwa_msgs/TimeToDestinationResponse.h, /home/birl/worksp/iiwa_stack_birl/devel/include/iiwa_msgs/TimeToDestinationResponse.h)
Linked: (/home/birl/worksp/iiwa_stack_birl/devel/.private/iiwa_msgs/include/iiwa_msgs/CartesianImpedanceControlMode.h, /home/birl/worksp/iiwa_stack_birl/devel/include/iiwa_msgs/CartesianImpedanceControlMode.h)
Linked: (/home/birl/worksp/iiwa_stack_birl/devel/.private/iiwa_msgs/include/iiwa_msgs/SinePatternControlMode.h, /home/birl/worksp/iiwa_stack_birl/devel/include/iiwa_msgs/SinePatternControlMode.h)
Linked: (/home/birl/worksp/iiwa_stack_birl/devel/.private/iiwa_msgs/include/iiwa_msgs/CartesianControlModeLimits.h, /home/birl/worksp/iiwa_stack_birl/devel/include/iiwa_msgs/CartesianControlModeLimits.h)
Linked: (/home/birl/worksp/iiwa_stack_birl/devel/.private/iiwa_msgs/include/iiwa_msgs/CartesianEulerPose.h, /home/birl/worksp/iiwa_stack_birl/devel/include/iiwa_msgs/CartesianEulerPose.h)
Linked: (/home/birl/worksp/iiwa_stack_birl/devel/.private/iiwa_msgs/include/iiwa_msgs/CartesianPlane.h, /home/birl/worksp/iiwa_stack_birl/devel/include/iiwa_msgs/CartesianPlane.h)
Linked: (/home/birl/worksp/iiwa_stack_birl/devel/.private/iiwa_msgs/include/iiwa_msgs/SetPathParametersRequest.h, /home/birl/worksp/iiwa_stack_birl/devel/include/iiwa_msgs/SetPathParametersRequest.h)
Linked: (/home/birl/worksp/iiwa_stack_birl/devel/.private/iiwa_msgs/include/iiwa_msgs/TimeToDestinationRequest.h, /home/birl/worksp/iiwa_stack_birl/devel/include/iiwa_msgs/TimeToDestinationRequest.h)
Linked: (/home/birl/worksp/iiwa_stack_birl/devel/.private/iiwa_msgs/include/iiwa_msgs/ControlMode.h, /home/birl/worksp/iiwa_stack_birl/devel/include/iiwa_msgs/ControlMode.h)
Linked: (/home/birl/worksp/iiwa_stack_birl/devel/.private/iiwa_msgs/include/iiwa_msgs/JointTorque.h, /home/birl/worksp/iiwa_stack_birl/devel/include/iiwa_msgs/JointTorque.h)
Linked: (/home/birl/worksp/iiwa_stack_birl/devel/.private/iiwa_msgs/include/iiwa_msgs/ConfigureSmartServoRequest.h, /home/birl/worksp/iiwa_stack_birl/devel/include/iiwa_msgs/ConfigureSmartServoRequest.h)
Linked: (/home/birl/worksp/iiwa_stack_birl/devel/.private/iiwa_msgs/include/iiwa_msgs/CartesianQuantity.h, /home/birl/worksp/iiwa_stack_birl/devel/include/iiwa_msgs/CartesianQuantity.h)
Linked: (/home/birl/worksp/iiwa_stack_birl/devel/.private/iiwa_msgs/include/iiwa_msgs/JointQuantity.h, /home/birl/worksp/iiwa_stack_birl/devel/include/iiwa_msgs/JointQuantity.h)
Linked: (/home/birl/worksp/iiwa_stack_birl/devel/.private/iiwa_msgs/include/iiwa_msgs/JointImpedanceControlMode.h, /home/birl/worksp/iiwa_stack_birl/devel/include/iiwa_msgs/JointImpedanceControlMode.h)
Linked: (/home/birl/worksp/iiwa_stack_birl/devel/.private/iiwa_msgs/include/iiwa_msgs/JointDamping.h, /home/birl/worksp/iiwa_stack_birl/devel/include/iiwa_msgs/JointDamping.h)
Linked: (/home/birl/worksp/iiwa_stack_birl/devel/.private/iiwa_msgs/include/iiwa_msgs/SetPathParameters.h, /home/birl/worksp/iiwa_stack_birl/devel/include/iiwa_msgs/SetPathParameters.h)
Linked: (/home/birl/worksp/iiwa_stack_birl/devel/.private/iiwa_msgs/include/iiwa_msgs/SetPathParametersResponse.h, /home/birl/worksp/iiwa_stack_birl/devel/include/iiwa_msgs/SetPathParametersResponse.h)
Linked: (/home/birl/worksp/iiwa_stack_birl/devel/.private/iiwa_msgs/include/iiwa_msgs/ConfigureSmartServoResponse.h, /home/birl/worksp/iiwa_stack_birl/devel/include/iiwa_msgs/ConfigureSmartServoResponse.h)
Linked: (/home/birl/worksp/iiwa_stack_birl/devel/.private/iiwa_msgs/include/iiwa_msgs/JointPositionVelocity.h, /home/birl/worksp/iiwa_stack_birl/devel/include/iiwa_msgs/JointPositionVelocity.h)
Linked: (/home/birl/worksp/iiwa_stack_birl/devel/.private/iiwa_msgs/include/iiwa_msgs/JointPosition.h, /home/birl/worksp/iiwa_stack_birl/devel/include/iiwa_msgs/JointPosition.h)
Linked: (/home/birl/worksp/iiwa_stack_birl/devel/.private/iiwa_msgs/include/iiwa_msgs/DesiredForceControlMode.h, /home/birl/worksp/iiwa_stack_birl/devel/include/iiwa_msgs/DesiredForceControlMode.h)
Linked: (/home/birl/worksp/iiwa_stack_birl/devel/.private/iiwa_msgs/include/iiwa_msgs/TimeToDestination.h, /home/birl/worksp/iiwa_stack_birl/devel/include/iiwa_msgs/TimeToDestination.h)
Linked: (/home/birl/worksp/iiwa_stack_birl/devel/.private/iiwa_msgs/include/iiwa_msgs/JointVelocity.h, /home/birl/worksp/iiwa_stack_birl/devel/include/iiwa_msgs/JointVelocity.h)
Linked: (/home/birl/worksp/iiwa_stack_birl/devel/.private/iiwa_msgs/include/iiwa_msgs/CartesianVelocity.h, /home/birl/worksp/iiwa_stack_birl/devel/include/iiwa_msgs/CartesianVelocity.h)
Linked: (/home/birl/worksp/iiwa_stack_birl/devel/.private/iiwa_msgs/include/iiwa_msgs/JointStiffness.h, /home/birl/worksp/iiwa_stack_birl/devel/include/iiwa_msgs/JointStiffness.h)
Linked: (/home/birl/worksp/iiwa_stack_birl/devel/.private/iiwa_msgs/include/iiwa_msgs/ConfigureSmartServo.h, /home/birl/worksp/iiwa_stack_birl/devel/include/iiwa_msgs/ConfigureSmartServo.h)
Linked: (/home/birl/worksp/iiwa_stack_birl/devel/.private/iiwa_msgs/include/iiwa_msgs/DOF.h, /home/birl/worksp/iiwa_stack_birl/devel/include/iiwa_msgs/DOF.h)
