Determining if the pthread_create exist failed with the following output:
Change Dir: /home/birl/worksp/iiwa_stack_birl/build/iiwa_moveit/CMakeFiles/CMakeTmp

Run Build Command:"/usr/bin/make" "cmTC_6c36e/fast"
/usr/bin/make -f CMakeFiles/cmTC_6c36e.dir/build.make CMakeFiles/cmTC_6c36e.dir/build
make[1]: Entering directory '/home/birl/worksp/iiwa_stack_birl/build/iiwa_moveit/CMakeFiles/CMakeTmp'
Building C object CMakeFiles/cmTC_6c36e.dir/CheckSymbolExists.c.o
/usr/bin/gcc    -o CMakeFiles/cmTC_6c36e.dir/CheckSymbolExists.c.o   -c /home/birl/worksp/iiwa_stack_birl/build/iiwa_moveit/CMakeFiles/CMakeTmp/CheckSymbolExists.c
Linking C executable cmTC_6c36e
/opt/cmake/cmake-3.12.0-Linux-x86_64/bin/cmake -E cmake_link_script CMakeFiles/cmTC_6c36e.dir/link.txt --verbose=1
/usr/bin/gcc      -rdynamic CMakeFiles/cmTC_6c36e.dir/CheckSymbolExists.c.o  -o cmTC_6c36e 
CMakeFiles/cmTC_6c36e.dir/CheckSymbolExists.c.o: In function `main':
CheckSymbolExists.c:(.text+0x16): undefined reference to `pthread_create'
collect2: error: ld returned 1 exit status
CMakeFiles/cmTC_6c36e.dir/build.make:86: recipe for target 'cmTC_6c36e' failed
make[1]: *** [cmTC_6c36e] Error 1
make[1]: Leaving directory '/home/birl/worksp/iiwa_stack_birl/build/iiwa_moveit/CMakeFiles/CMakeTmp'
Makefile:121: recipe for target 'cmTC_6c36e/fast' failed
make: *** [cmTC_6c36e/fast] Error 2

File /home/birl/worksp/iiwa_stack_birl/build/iiwa_moveit/CMakeFiles/CMakeTmp/CheckSymbolExists.c:
/* */
#include <pthread.h>

int main(int argc, char** argv)
{
  (void)argv;
#ifndef pthread_create
  return ((int*)(&pthread_create))[argc];
#else
  (void)argc;
  return 0;
#endif
}

Determining if the function pthread_create exists in the pthreads failed with the following output:
Change Dir: /home/birl/worksp/iiwa_stack_birl/build/iiwa_moveit/CMakeFiles/CMakeTmp

Run Build Command:"/usr/bin/make" "cmTC_33af4/fast"
/usr/bin/make -f CMakeFiles/cmTC_33af4.dir/build.make CMakeFiles/cmTC_33af4.dir/build
make[1]: Entering directory '/home/birl/worksp/iiwa_stack_birl/build/iiwa_moveit/CMakeFiles/CMakeTmp'
Building C object CMakeFiles/cmTC_33af4.dir/CheckFunctionExists.c.o
/usr/bin/gcc   -DCHECK_FUNCTION_EXISTS=pthread_create   -o CMakeFiles/cmTC_33af4.dir/CheckFunctionExists.c.o   -c /opt/cmake/cmake-3.12.0-Linux-x86_64/share/cmake-3.12/Modules/CheckFunctionExists.c
Linking C executable cmTC_33af4
/opt/cmake/cmake-3.12.0-Linux-x86_64/bin/cmake -E cmake_link_script CMakeFiles/cmTC_33af4.dir/link.txt --verbose=1
/usr/bin/gcc  -DCHECK_FUNCTION_EXISTS=pthread_create    -rdynamic CMakeFiles/cmTC_33af4.dir/CheckFunctionExists.c.o  -o cmTC_33af4 -lpthreads 
/usr/bin/ld: cannot find -lpthreads
collect2: error: ld returned 1 exit status
CMakeFiles/cmTC_33af4.dir/build.make:86: recipe for target 'cmTC_33af4' failed
make[1]: *** [cmTC_33af4] Error 1
make[1]: Leaving directory '/home/birl/worksp/iiwa_stack_birl/build/iiwa_moveit/CMakeFiles/CMakeTmp'
Makefile:121: recipe for target 'cmTC_33af4/fast' failed
make: *** [cmTC_33af4/fast] Error 2


