Determining if the pthread_create exist failed with the following output:
Change Dir: /home/birl/worksp/iiwa_stack_birl/build/iiwa_hw/CMakeFiles/CMakeTmp

Run Build Command:"/usr/bin/make" "cmTC_23794/fast"
/usr/bin/make -f CMakeFiles/cmTC_23794.dir/build.make CMakeFiles/cmTC_23794.dir/build
make[1]: Entering directory '/home/birl/worksp/iiwa_stack_birl/build/iiwa_hw/CMakeFiles/CMakeTmp'
Building C object CMakeFiles/cmTC_23794.dir/CheckSymbolExists.c.o
/usr/bin/gcc    -o CMakeFiles/cmTC_23794.dir/CheckSymbolExists.c.o   -c /home/birl/worksp/iiwa_stack_birl/build/iiwa_hw/CMakeFiles/CMakeTmp/CheckSymbolExists.c
Linking C executable cmTC_23794
/opt/cmake/cmake-3.12.0-Linux-x86_64/bin/cmake -E cmake_link_script CMakeFiles/cmTC_23794.dir/link.txt --verbose=1
/usr/bin/gcc      -rdynamic CMakeFiles/cmTC_23794.dir/CheckSymbolExists.c.o  -o cmTC_23794 
CMakeFiles/cmTC_23794.dir/CheckSymbolExists.c.o: In function `main':
CheckSymbolExists.c:(.text+0x16): undefined reference to `pthread_create'
collect2: error: ld returned 1 exit status
CMakeFiles/cmTC_23794.dir/build.make:86: recipe for target 'cmTC_23794' failed
make[1]: *** [cmTC_23794] Error 1
make[1]: Leaving directory '/home/birl/worksp/iiwa_stack_birl/build/iiwa_hw/CMakeFiles/CMakeTmp'
Makefile:121: recipe for target 'cmTC_23794/fast' failed
make: *** [cmTC_23794/fast] Error 2

File /home/birl/worksp/iiwa_stack_birl/build/iiwa_hw/CMakeFiles/CMakeTmp/CheckSymbolExists.c:
/* */
#include <pthread.h>

int main(int argc, char** argv)
{
  (void)argv;
#ifndef pthread_create
  return ((int*)(&pthread_create))[argc];
#else
  (void)argc;
  return 0;
#endif
}

Determining if the function pthread_create exists in the pthreads failed with the following output:
Change Dir: /home/birl/worksp/iiwa_stack_birl/build/iiwa_hw/CMakeFiles/CMakeTmp

Run Build Command:"/usr/bin/make" "cmTC_93805/fast"
/usr/bin/make -f CMakeFiles/cmTC_93805.dir/build.make CMakeFiles/cmTC_93805.dir/build
make[1]: Entering directory '/home/birl/worksp/iiwa_stack_birl/build/iiwa_hw/CMakeFiles/CMakeTmp'
Building C object CMakeFiles/cmTC_93805.dir/CheckFunctionExists.c.o
/usr/bin/gcc   -DCHECK_FUNCTION_EXISTS=pthread_create   -o CMakeFiles/cmTC_93805.dir/CheckFunctionExists.c.o   -c /opt/cmake/cmake-3.12.0-Linux-x86_64/share/cmake-3.12/Modules/CheckFunctionExists.c
Linking C executable cmTC_93805
/opt/cmake/cmake-3.12.0-Linux-x86_64/bin/cmake -E cmake_link_script CMakeFiles/cmTC_93805.dir/link.txt --verbose=1
/usr/bin/gcc  -DCHECK_FUNCTION_EXISTS=pthread_create    -rdynamic CMakeFiles/cmTC_93805.dir/CheckFunctionExists.c.o  -o cmTC_93805 -lpthreads 
/usr/bin/ld: cannot find -lpthreads
collect2: error: ld returned 1 exit status
CMakeFiles/cmTC_93805.dir/build.make:86: recipe for target 'cmTC_93805' failed
make[1]: *** [cmTC_93805] Error 1
make[1]: Leaving directory '/home/birl/worksp/iiwa_stack_birl/build/iiwa_hw/CMakeFiles/CMakeTmp'
Makefile:121: recipe for target 'cmTC_93805/fast' failed
make: *** [cmTC_93805/fast] Error 2


