Not searching for unused variables given on the command line.
[36m--[0m Using CATKIN_DEVEL_PREFIX: /home/birl/iiwa-stack/devel/.private/force_torque_sensor_calib
[36m--[0m Using CMAKE_PREFIX_PATH: /home/birl/worksp/ros_realsense2/devel;/home/birl/iiwa-stack/devel;/opt/ros/kinetic
[36m--[0m This workspace overlays: /home/birl/worksp/ros_realsense2/devel;/home/birl/iiwa-stack/devel;/opt/ros/kinetic
[36m--[0m Using PYTHON_EXECUTABLE: /usr/bin/python
[36m--[0m Using Debian Python package layout
[36m--[0m Using empy: /usr/bin/empy
[36m--[0m Using CATKIN_ENABLE_TESTING: ON
[36m--[0m Call enable_testing()
[36m--[0m Using CATKIN_TEST_RESULTS_DIR: /home/birl/iiwa-stack/build/force_torque_sensor_calib/test_results
[36m--[0m Found gmock sources under '/usr/src/gmock': gmock will be built
[36m--[0m Found gtest sources under '/usr/src/gmock': gtests will be built
[36m--[0m Using Python nosetests: /usr/bin/nosetests-2.7
[36m--[0m catkin 0.7.11
[36m--[0m Using these message generators: gencpp;geneus;genlisp;gennodejs;genpy
[36m--[0m Could NOT find moveit_core (missing: moveit_core_DIR)
[36m--[0m Could not find the required component 'moveit_core'. The following CMake error indicates that you either need to install the package with the same name or change your environment so that it can be found.
[36m--[0m Configuring incomplete, errors occurred!
See also "/home/birl/iiwa-stack/build/force_torque_sensor_calib/CMakeFiles/CMakeOutput.log".
See also "/home/birl/iiwa-stack/build/force_torque_sensor_calib/CMakeFiles/CMakeError.log".
[31m[1mCMake Error[0m at /opt/ros/kinetic/share/catkin/cmake/catkinConfig.cmake:83 (find_package):
  Could not find a package configuration file provided by "moveit_core" with
  any of the following names:

    moveit_coreConfig.cmake
    moveit_core-config.cmake

  Add the installation prefix of "moveit_core" to CMAKE_PREFIX_PATH or set
  "moveit_core_DIR" to a directory containing one of the above files.  If
  "moveit_core" provides a separate development package or SDK, be sure it
  has been installed.
[36mCall Stack (most recent call first):[0m
  CMakeLists.txt:4 (find_package)


