Linked: (/home/birl/iiwa-stack/devel/.private/timesync/share/common-lisp/ros/timesync/msg/TimesyncDebug.lisp, /home/birl/iiwa-stack/devel/share/common-lisp/ros/timesync/msg/TimesyncDebug.lisp)
Linked: (/home/birl/iiwa-stack/devel/.private/timesync/share/common-lisp/ros/timesync/msg/_package_TimesyncDebug.lisp, /home/birl/iiwa-stack/devel/share/common-lisp/ros/timesync/msg/_package_TimesyncDebug.lisp)
Linked: (/home/birl/iiwa-stack/devel/.private/timesync/share/common-lisp/ros/timesync/msg/_package.lisp, /home/birl/iiwa-stack/devel/share/common-lisp/ros/timesync/msg/_package.lisp)
Linked: (/home/birl/iiwa-stack/devel/.private/timesync/share/common-lisp/ros/timesync/msg/timesync-msg.asd, /home/birl/iiwa-stack/devel/share/common-lisp/ros/timesync/msg/timesync-msg.asd)
Linked: (/home/birl/iiwa-stack/devel/.private/timesync/share/roseus/ros/timesync/manifest.l, /home/birl/iiwa-stack/devel/share/roseus/ros/timesync/manifest.l)
Linked: (/home/birl/iiwa-stack/devel/.private/timesync/share/roseus/ros/timesync/msg/TimesyncDebug.l, /home/birl/iiwa-stack/devel/share/roseus/ros/timesync/msg/TimesyncDebug.l)
Linked: (/home/birl/iiwa-stack/devel/.private/timesync/share/gennodejs/ros/timesync/_index.js, /home/birl/iiwa-stack/devel/share/gennodejs/ros/timesync/_index.js)
Linked: (/home/birl/iiwa-stack/devel/.private/timesync/share/gennodejs/ros/timesync/msg/_index.js, /home/birl/iiwa-stack/devel/share/gennodejs/ros/timesync/msg/_index.js)
Linked: (/home/birl/iiwa-stack/devel/.private/timesync/share/gennodejs/ros/timesync/msg/TimesyncDebug.js, /home/birl/iiwa-stack/devel/share/gennodejs/ros/timesync/msg/TimesyncDebug.js)
Linked: (/home/birl/iiwa-stack/devel/.private/timesync/share/timesync/cmake/timesync-msg-paths.cmake, /home/birl/iiwa-stack/devel/share/timesync/cmake/timesync-msg-paths.cmake)
Linked: (/home/birl/iiwa-stack/devel/.private/timesync/share/timesync/cmake/timesyncConfig-version.cmake, /home/birl/iiwa-stack/devel/share/timesync/cmake/timesyncConfig-version.cmake)
Linked: (/home/birl/iiwa-stack/devel/.private/timesync/share/timesync/cmake/timesync-msg-extras.cmake, /home/birl/iiwa-stack/devel/share/timesync/cmake/timesync-msg-extras.cmake)
Linked: (/home/birl/iiwa-stack/devel/.private/timesync/share/timesync/cmake/timesyncConfig.cmake, /home/birl/iiwa-stack/devel/share/timesync/cmake/timesyncConfig.cmake)
Linked: (/home/birl/iiwa-stack/devel/.private/timesync/lib/libtimesync.so, /home/birl/iiwa-stack/devel/lib/libtimesync.so)
Linked: (/home/birl/iiwa-stack/devel/.private/timesync/lib/python2.7/dist-packages/timesync/__init__.py, /home/birl/iiwa-stack/devel/lib/python2.7/dist-packages/timesync/__init__.py)
Linked: (/home/birl/iiwa-stack/devel/.private/timesync/lib/python2.7/dist-packages/timesync/msg/__init__.py, /home/birl/iiwa-stack/devel/lib/python2.7/dist-packages/timesync/msg/__init__.py)
Linked: (/home/birl/iiwa-stack/devel/.private/timesync/lib/python2.7/dist-packages/timesync/msg/_TimesyncDebug.py, /home/birl/iiwa-stack/devel/lib/python2.7/dist-packages/timesync/msg/_TimesyncDebug.py)
Linked: (/home/birl/iiwa-stack/devel/.private/timesync/lib/pkgconfig/timesync.pc, /home/birl/iiwa-stack/devel/lib/pkgconfig/timesync.pc)
Linked: (/home/birl/iiwa-stack/devel/.private/timesync/lib/timesync/example, /home/birl/iiwa-stack/devel/lib/timesync/example)
Linked: (/home/birl/iiwa-stack/devel/.private/timesync/include/timesync/TimesyncDebug.h, /home/birl/iiwa-stack/devel/include/timesync/TimesyncDebug.h)
