Determining if the pthread_create exist failed with the following output:
Change Dir: /home/birl/worksp/iiwa_stack_birl/build/iiwa_force_control/CMakeFiles/CMakeTmp

Run Build Command:"/usr/bin/make" "cmTC_ea06a/fast"
/usr/bin/make -f CMakeFiles/cmTC_ea06a.dir/build.make CMakeFiles/cmTC_ea06a.dir/build
make[1]: Entering directory '/home/birl/worksp/iiwa_stack_birl/build/iiwa_force_control/CMakeFiles/CMakeTmp'
Building C object CMakeFiles/cmTC_ea06a.dir/CheckSymbolExists.c.o
/usr/bin/gcc    -o CMakeFiles/cmTC_ea06a.dir/CheckSymbolExists.c.o   -c /home/birl/worksp/iiwa_stack_birl/build/iiwa_force_control/CMakeFiles/CMakeTmp/CheckSymbolExists.c
Linking C executable cmTC_ea06a
/opt/cmake/cmake-3.12.0-Linux-x86_64/bin/cmake -E cmake_link_script CMakeFiles/cmTC_ea06a.dir/link.txt --verbose=1
/usr/bin/gcc      -rdynamic CMakeFiles/cmTC_ea06a.dir/CheckSymbolExists.c.o  -o cmTC_ea06a 
CMakeFiles/cmTC_ea06a.dir/CheckSymbolExists.c.o: In function `main':
CheckSymbolExists.c:(.text+0x16): undefined reference to `pthread_create'
collect2: error: ld returned 1 exit status
CMakeFiles/cmTC_ea06a.dir/build.make:86: recipe for target 'cmTC_ea06a' failed
make[1]: *** [cmTC_ea06a] Error 1
make[1]: Leaving directory '/home/birl/worksp/iiwa_stack_birl/build/iiwa_force_control/CMakeFiles/CMakeTmp'
Makefile:121: recipe for target 'cmTC_ea06a/fast' failed
make: *** [cmTC_ea06a/fast] Error 2

File /home/birl/worksp/iiwa_stack_birl/build/iiwa_force_control/CMakeFiles/CMakeTmp/CheckSymbolExists.c:
/* */
#include <pthread.h>

int main(int argc, char** argv)
{
  (void)argv;
#ifndef pthread_create
  return ((int*)(&pthread_create))[argc];
#else
  (void)argc;
  return 0;
#endif
}

Determining if the function pthread_create exists in the pthreads failed with the following output:
Change Dir: /home/birl/worksp/iiwa_stack_birl/build/iiwa_force_control/CMakeFiles/CMakeTmp

Run Build Command:"/usr/bin/make" "cmTC_cc7fc/fast"
/usr/bin/make -f CMakeFiles/cmTC_cc7fc.dir/build.make CMakeFiles/cmTC_cc7fc.dir/build
make[1]: Entering directory '/home/birl/worksp/iiwa_stack_birl/build/iiwa_force_control/CMakeFiles/CMakeTmp'
Building C object CMakeFiles/cmTC_cc7fc.dir/CheckFunctionExists.c.o
/usr/bin/gcc   -DCHECK_FUNCTION_EXISTS=pthread_create   -o CMakeFiles/cmTC_cc7fc.dir/CheckFunctionExists.c.o   -c /opt/cmake/cmake-3.12.0-Linux-x86_64/share/cmake-3.12/Modules/CheckFunctionExists.c
Linking C executable cmTC_cc7fc
/opt/cmake/cmake-3.12.0-Linux-x86_64/bin/cmake -E cmake_link_script CMakeFiles/cmTC_cc7fc.dir/link.txt --verbose=1
/usr/bin/gcc  -DCHECK_FUNCTION_EXISTS=pthread_create    -rdynamic CMakeFiles/cmTC_cc7fc.dir/CheckFunctionExists.c.o  -o cmTC_cc7fc -lpthreads 
/usr/bin/ld: cannot find -lpthreads
collect2: error: ld returned 1 exit status
CMakeFiles/cmTC_cc7fc.dir/build.make:86: recipe for target 'cmTC_cc7fc' failed
make[1]: *** [cmTC_cc7fc] Error 1
make[1]: Leaving directory '/home/birl/worksp/iiwa_stack_birl/build/iiwa_force_control/CMakeFiles/CMakeTmp'
Makefile:121: recipe for target 'cmTC_cc7fc/fast' failed
make: *** [cmTC_cc7fc/fast] Error 2


